{"numTotalTestSuites":159,"numPassedTestSuites":105,"numFailedTestSuites":54,"numPendingTestSuites":0,"numTotalTests":949,"numPassedTests":765,"numFailedTests":184,"numPendingTests":0,"numTodoTests":0,"snapshot":{"added":0,"failure":false,"filesAdded":0,"filesRemoved":0,"filesRemovedList":[],"filesUnmatched":0,"filesUpdated":0,"matched":0,"total":0,"unchecked":0,"uncheckedKeysByFile":[],"unmatched":0,"updated":0,"didUpdate":false},"startTime":1789296808957,"success":false,"testResults":[{"assertionResults":[{"ancestorTitles":["Audi NA QA ΓÇö platform regression"],"fullName":"Audi NA QA ΓÇö platform regression WAUHJ28P78A092448 ΓåÆ A3 (8P), 2008","status":"passed","title":"WAUHJ28P78A092448 ΓåÆ A3 (8P), 2008","duration":13.062800000000038,"failureMessages":[],"meta":{},"tags":[]},{"ancestorTitles":["Audi NA QA ΓÇö NHTSA platform families"],"fullName":"Audi NA QA ΓÇö NHTSA platform families platform 8P ΓåÆ /A3/i","status":"passed","title":"platform 8P ΓåÆ /A3/i","duration":3.588600000000042,"failureMessages":[],"meta":{},"tags":[]},{"ancestorTitles":["Audi NA QA ΓÇö NHTSA platform families"],"fullName":"Audi NA QA ΓÇö NHTSA platform families platform 8V ΓåÆ /A3/i","status":"passed","title":"platform 8V ΓåÆ /A3/i","duration":1.7264000000000124,"failureMessages":[],"meta":{},"tags":[]},{"ancestorTitles":["Audi NA QA ΓÇö NHTSA platform families"],"fullName":"Audi NA QA ΓÇö NHTSA platform families platform 8Y ΓåÆ /A3/i","status":"passed","title":"platform 8Y ΓåÆ /A3/i","duration":2.1038999999999533,"failureMessages":[],"meta":{},"tags":[]},{"ancestorTitles":["Audi NA QA ΓÇö NHTSA platform families"],"fullName":"Audi NA QA ΓÇö NHTSA platform families platform GY ΓåÆ /A3/i","status":"passed","title":"platform GY ΓåÆ /A3/i","duration":0.9103000000000065,"failureMessages":[],"meta":{},"tags":[]},{"ancestorTitles":["Audi NA QA ΓÇö NHTSA platform families"],"fullName":"Audi NA QA ΓÇö NHTSA platform families platform 8E ΓåÆ /A4/i","status":"passed","title":"platform 8E ΓåÆ /A4/i","duration":1.209799999999973,"failureMessages":[],"meta":{},"tags":[]},{"ancestorTitles":["Audi NA QA ΓÇö NHTSA platform families"],"fullName":"Audi NA QA ΓÇö NHTSA platform families platform 8K ΓåÆ /A4/i","status":"passed","title":"platform 8K ΓåÆ /A4/i","duration":0.9528999999999996,"failureMessages":[],"meta":{},"tags":[]},{"ancestorTitles":["Audi NA QA ΓÇö NHTSA platform families"],"fullName":"Audi NA QA ΓÇö NHTSA platform families platform 8W ΓåÆ /A4/i","status":"passed","title":"platform 8W ΓåÆ /A4/i","duration":0.9077000000000908,"failureMessages":[],"meta":{},"tags":[]},{"ancestorTitles":["Audi NA QA ΓÇö NHTSA platform families"],"fullName":"Audi NA QA ΓÇö NHTSA platform families platform 8T ΓåÆ /A5/i","status":"passed","title":"platform 8T ΓåÆ /A5/i","duration":1.366200000000049,"failureMessages":[],"meta":{},"tags":[]},{"ancestorTitles":["Audi NA QA ΓÇö NHTSA platform families"],"fullName":"Audi NA QA ΓÇö NHTSA platform families platform 4F ΓåÆ /A6/i","status":"passed","title":"platform 4F ΓåÆ /A6/i","duration":1.259900000000016,"failureMessages":[],"meta":{},"tags":[]},{"ancestorTitles":["Audi NA QA ΓÇö NHTSA platform families"],"fullName":"Audi NA QA ΓÇö NHTSA platform families platform 4K ΓåÆ /A7/i","status":"passed","title":"platform 4K ΓåÆ /A7/i","duration":0.9873999999999796,"failureMessages":[],"meta":{},"tags":[]},{"ancestorTitles":["Audi NA QA ΓÇö NHTSA platform families"],"fullName":"Audi NA QA ΓÇö NHTSA platform families platform 4A ΓåÆ /A6/i","status":"passed","title":"platform 4A ΓåÆ /A6/i","duration":0.7763999999999669,"failureMessages":[],"meta":{},"tags":[]},{"ancestorTitles":["Audi NA QA ΓÇö NHTSA platform families"],"fullName":"Audi NA QA ΓÇö NHTSA platform families platform 4D ΓåÆ /A8/i","status":"passed","title":"platform 4D ΓåÆ /A8/i","duration":0.6803999999999633,"failureMessages":[],"meta":{},"tags":[]},{"ancestorTitles":["Audi NA QA ΓÇö NHTSA platform families"],"fullName":"Audi NA QA ΓÇö NHTSA platform families platform 4E ΓåÆ /A8/i","status":"passed","title":"platform 4E ΓåÆ /A8/i","duration":0.5729999999999791,"failureMessages":[],"meta":{},"tags":[]},{"ancestorTitles":["Audi NA QA ΓÇö NHTSA platform families"],"fullName":"Audi NA QA ΓÇö NHTSA platform families platform 4H ΓåÆ /A8/i","status":"passed","title":"platform 4H ΓåÆ /A8/i","duration":0.7682999999999538,"failureMessages":[],"meta":{},"tags":[]},{"ancestorTitles":["Audi NA QA ΓÇö NHTSA platform families"],"fullName":"Audi NA QA ΓÇö NHTSA platform families platform FD ΓåÆ /A8/i","status":"passed","title":"platform FD ΓåÆ /A8/i","duration":0.8238999999999805,"failureMessages":[],"meta":{},"tags":[]},{"ancestorTitles":["Audi NA QA ΓÇö NHTSA platform families"],"fullName":"Audi NA QA ΓÇö NHTSA platform families platform 4L ΓåÆ /Q7/i","status":"passed","title":"platform 4L ΓåÆ /Q7/i","duration":0.6781999999999471,"failureMessages":[],"meta":{},"tags":[]},{"ancestorTitles":["Audi NA QA ΓÇö NHTSA platform families"],"fullName":"Audi NA QA ΓÇö NHTSA platform families platform F7 ΓåÆ /Q7/i","status":"passed","title":"platform F7 ΓåÆ /Q7/i","duration":0.6625000000000227,"failureMessages":[],"meta":{},"tags":[]},{"ancestorTitles":["Audi NA QA ΓÇö NHTSA platform families"],"fullName":"Audi NA QA ΓÇö NHTSA platform families platform GA ΓåÆ /Q2/i","status":"passed","title":"platform GA ΓåÆ /Q2/i","duration":0.7346999999999753,"failureMessages":[],"meta":{},"tags":[]},{"ancestorTitles":["Audi NA QA ΓÇö NHTSA platform families"],"fullName":"Audi NA QA ΓÇö NHTSA platform families platform 8J ΓåÆ /TT/i","status":"passed","title":"platform 8J ΓåÆ /TT/i","duration":0.6911999999999807,"failureMessages":[],"meta":{},"tags":[]},{"ancestorTitles":["Audi NA QA ΓÇö NHTSA platform families"],"fullName":"Audi NA QA ΓÇö NHTSA platform families platform 8N ΓåÆ /TT/i","status":"passed","title":"platform 8N ΓåÆ /TT/i","duration":0.7731999999999744,"failureMessages":[],"meta":{},"tags":[]},{"ancestorTitles":["Audi NA QA ΓÇö NHTSA platform families"],"fullName":"Audi NA QA ΓÇö NHTSA platform families platform 42 ΓåÆ /R8/i","status":"passed","title":"platform 42 ΓåÆ /R8/i","duration":0.6955000000000382,"failureMessages":[],"meta":{},"tags":[]},{"ancestorTitles":["Audi NA QA ΓÇö NHTSA platform families"],"fullName":"Audi NA QA ΓÇö NHTSA platform families platform 8U ΓåÆ /Q3/i","status":"passed","title":"platform 8U ΓåÆ /Q3/i","duration":0.64650000000006,"failureMessages":[],"meta":{},"tags":[]},{"ancestorTitles":["Audi NA QA ΓÇö NHTSA platform families"],"fullName":"Audi NA QA ΓÇö NHTSA platform families platform 8R ΓåÆ /Q5/i","status":"passed","title":"platform 8R ΓåÆ /Q5/i","duration":0.5927999999998974,"failureMessages":[],"meta":{},"tags":[]},{"ancestorTitles":["Audi NA QA ΓÇö NHTSA platform families"],"fullName":"Audi NA QA ΓÇö NHTSA platform families WA1FVAF18KD034551 is Q8 2019, never Q5 Sportback","status":"passed","title":"WA1FVAF18KD034551 is Q8 2019, never Q5 Sportback","duration":1.3915999999999258,"failureMessages":[],"meta":{},"tags":[]},{"ancestorTitles":["Audi NA QA ΓÇö NHTSA platform families"],"fullName":"Audi NA QA ΓÇö NHTSA platform families WA1 pos.4 is trim, not model ΓÇö F1=Q8, FY=Q5, F7=Q7, F3=Q3","status":"passed","title":"WA1 pos.4 is trim, not model ΓÇö F1=Q8, FY=Q5, F7=Q7, F3=Q3","duration":1.3500000000000227,"failureMessages":[],"meta":{},"tags":[]},{"ancestorTitles":["Audi EU QA ΓÇö ZZZ / modern still green"],"fullName":"Audi EU QA ΓÇö ZZZ / modern still green WAUZZZ8V stays A3","status":"passed","title":"WAUZZZ8V stays A3","duration":1.8842999999999392,"failureMessages":[],"meta":{},"tags":[]},{"ancestorTitles":["Audi EU QA ΓÇö ZZZ / modern still green"],"fullName":"Audi EU QA ΓÇö ZZZ / modern still green WAUZZZ4H1FN034894 is A8 D4 2015, never A7","status":"passed","title":"WAUZZZ4H1FN034894 is A8 D4 2015, never A7","duration":0.6339000000000397,"failureMessages":[],"meta":{},"tags":[]},{"ancestorTitles":["Audi EU QA ΓÇö ZZZ / modern still green"],"fullName":"Audi EU QA ΓÇö ZZZ / modern still green modern GF Q6 e-tron still resolves","status":"passed","title":"modern GF Q6 e-tron still resolves","duration":0.685100000000034,"failureMessages":[],"meta":{},"tags":[]},{"ancestorTitles":["Audi EU QA ΓÇö ZZZ / modern still green"],"fullName":"Audi EU QA ΓÇö ZZZ / modern still green Typ collisions stay disambiguated","status":"passed","title":"Typ collisions stay disambiguated","duration":1.1702000000000226,"failureMessages":[],"meta":{},"tags":[]}],"startTime":1789296813153,"endTime":1789296813199.1702,"status":"passed","message":"","name":"C:/Users/Pc/Downloads/km/lib/vin-decode/audi-na-qa.test.ts"},{"assertionResults":[{"ancestorTitles":["BMW F32/F33/F36 ETK type codes"],"fullName":"BMW F32/F33/F36 ETK type codes 3V71 ΓåÆ F33 428i Convertible (N26)","status":"passed","title":"3V71 ΓåÆ F33 428i Convertible (N26)","duration":12.791699999999992,"failureMessages":[],"meta":{},"tags":[]},{"ancestorTitles":["BMW F32/F33/F36 ETK type codes"],"fullName":"BMW F32/F33/F36 ETK type codes 3N71 ΓåÆ F32 428i Coup├⌐","status":"passed","title":"3N71 ΓåÆ F32 428i Coup├⌐","duration":1.719600000000014,"failureMessages":[],"meta":{},"tags":[]},{"ancestorTitles":["BMW F32/F33/F36 ETK type codes"],"fullName":"BMW F32/F33/F36 ETK type codes 4B11 ΓåÆ F36 Gran Coup├⌐","status":"passed","title":"4B11 ΓåÆ F36 Gran Coup├⌐","duration":1.0797999999999774,"failureMessages":[],"meta":{},"tags":[]},{"ancestorTitles":["BMW F32/F33/F36 ETK type codes"],"fullName":"BMW F32/F33/F36 ETK type codes US 5UX3V71 ΓåÆ F33 Convertible","status":"passed","title":"US 5UX3V71 ΓåÆ F33 Convertible","duration":0.78550000000007,"failureMessages":[],"meta":{},"tags":[]},{"ancestorTitles":["BMW F10 ETK XA* type codes"],"fullName":"BMW F10 ETK XA* type codes XA71 ΓåÆ 5 Series F10 (535d), not X7/X1","status":"passed","title":"XA71 ΓåÆ 5 Series F10 (535d), not X7/X1","duration":1.9325999999999794,"failureMessages":[],"meta":{},"tags":[]},{"ancestorTitles":["BMW F10 ETK XA* type codes"],"fullName":"BMW F10 ETK XA* type codes XA5* ΓåÆ 5 Series F10, not X5","status":"passed","title":"XA5* ΓåÆ 5 Series F10, not X5","duration":1.177500000000009,"failureMessages":[],"meta":{},"tags":[]},{"ancestorTitles":["BMW F10 ETK XA* type codes"],"fullName":"BMW F10 ETK XA* type codes WBAX3 digit SUV still X3 (not swallowed by WBAXA)","status":"passed","title":"WBAX3 digit SUV still X3 (not swallowed by WBAXA)","duration":1.4131999999999607,"failureMessages":[],"meta":{},"tags":[]}],"startTime":1789296814136,"endTime":1789296814157.413,"status":"passed","message":"","name":"C:/Users/Pc/Downloads/km/lib/vin-decode/bmw-f4-body.test.ts"},{"assertionResults":[{"ancestorTitles":["BMW Group QA ΓÇö classic ETK regression"],"fullName":"BMW Group QA ΓÇö classic ETK regression WBANC71020B644072 ΓåÆ 5 Series E60, year null, range, Dingolfing, no engine","status":"passed","title":"WBANC71020B644072 ΓåÆ 5 Series E60, year null, range, Dingolfing, no engine","duration":13.418900000000122,"failureMessages":[],"meta":{},"tags":[]},{"ancestorTitles":["BMW Group QA ΓÇö classic ETK regression"],"fullName":"BMW Group QA ΓÇö classic ETK regression does not invent year 2000 from pos.10 = 0","status":"passed","title":"does not invent year 2000 from pos.10 = 0","duration":2.3134999999999764,"failureMessages":[],"meta":{},"tags":[]},{"ancestorTitles":["BMW Group QA ΓÇö classic ETK regression"],"fullName":"BMW Group QA ΓÇö classic ETK regression NC71 is never 7 Series / X1 / Velar","status":"passed","title":"NC71 is never 7 Series / X1 / Velar","duration":0.6796999999999116,"failureMessages":[],"meta":{},"tags":[]},{"ancestorTitles":["BMW Group QA ΓÇö classic ETK families"],"fullName":"BMW Group QA ΓÇö classic ETK families WBADT53010B123456 ΓåÆ model + chassis","status":"passed","title":"WBADT53010B123456 ΓåÆ model + chassis","duration":0.9972999999999956,"failureMessages":[],"meta":{},"tags":[]},{"ancestorTitles":["BMW Group QA ΓÇö classic ETK families"],"fullName":"BMW Group QA ΓÇö classic ETK families WBAVA51010B123456 ΓåÆ model + chassis","status":"failed","title":"WBAVA51010B123456 ΓåÆ model + chassis","duration":9.573300000000017,"failureMessages":["AssertionError: expected null to be 'E90/E91' // Object.is equality\n    at C:/Users/Pc/Downloads/km/lib/vin-decode/bmw-group-qa.test.ts:65:49\n    at file:///C:/Users/Pc/Downloads/km/node_modules/.pnpm/@vitest+runner@4.1.9/node_modules/@vitest/runner/dist/chunk-artifact.js:2025:60\n    at file:///C:/Users/Pc/Downloads/km/node_modules/.pnpm/@vitest+runner@4.1.9/node_modules/@vitest/runner/dist/chunk-artifact.js:302:11\n    at file:///C:/Users/Pc/Downloads/km/node_modules/.pnpm/@vitest+runner@4.1.9/node_modules/@vitest/runner/dist/chunk-artifact.js:1903:26\n    at file:///C:/Users/Pc/Downloads/km/node_modules/.pnpm/@vitest+runner@4.1.9/node_modules/@vitest/runner/dist/chunk-artifact.js:2326:20\n    at new Promise (<anonymous>)\n    at runWithCancel (file:///C:/Users/Pc/Downloads/km/node_modules/.pnpm/@vitest+runner@4.1.9/node_modules/@vitest/runner/dist/chunk-artifact.js:2323:10)\n    at file:///C:/Users/Pc/Downloads/km/node_modules/.pnpm/@vitest+runner@4.1.9/node_modules/@vitest/runner/dist/chunk-artifact.js:2305:20\n    at new Promise (<anonymous>)\n    at runWithTimeout (file:///C:/Users/Pc/Downloads/km/node_modules/.pnpm/@vitest+runner@4.1.9/node_modules/@vitest/runner/dist/chunk-artifact.js:2272:10)"],"meta":{},"tags":[]},{"ancestorTitles":["BMW Group QA ΓÇö classic ETK families"],"fullName":"BMW Group QA ΓÇö classic ETK families WBXPC71010A123456 ΓåÆ model + chassis","status":"passed","title":"WBXPC71010A123456 ΓåÆ model + chassis","duration":0.9299999999998363,"failureMessages":[],"meta":{},"tags":[]},{"ancestorTitles":["BMW Group QA ΓÇö classic ETK families"],"fullName":"BMW Group QA ΓÇö classic ETK families WBAAV110X0FU03083 ΓåÆ 320i E46 Munich (RealOEM AV11), no invented ISO year","status":"passed","title":"WBAAV110X0FU03083 ΓåÆ 320i E46 Munich (RealOEM AV11), no invented ISO year","duration":2.4398000000001048,"failureMessages":[],"meta":{},"tags":[]},{"ancestorTitles":["BMW Group QA ΓÇö modern prefixes still win"],"fullName":"BMW Group QA ΓÇö modern prefixes still win F30 sedan WBA3V1 keeps modern path","status":"passed","title":"F30 sedan WBA3V1 keeps modern path","duration":1.632799999999861,"failureMessages":[],"meta":{},"tags":[]},{"ancestorTitles":["BMW Group QA ΓÇö modern prefixes still win"],"fullName":"BMW Group QA ΓÇö modern prefixes still win WBAXA71 F10 stays 5 Series via modern/ETK","status":"failed","title":"WBAXA71 F10 stays 5 Series via modern/ETK","duration":2.737799999999879,"failureMessages":["TypeError: .toMatch() expects to receive a string, but got object\n    at Proxy.<anonymous> (file:///C:/Users/Pc/Downloads/km/node_modules/.pnpm/@vitest+expect@4.1.9/node_modules/@vitest/expect/dist/index.js:1293:10)\n    at Proxy.<anonymous> (file:///C:/Users/Pc/Downloads/km/node_modules/.pnpm/@vitest+expect@4.1.9/node_modules/@vitest/expect/dist/index.js:1156:15)\n    at Proxy.methodWrapper (file:///C:/Users/Pc/Downloads/km/node_modules/.pnpm/chai@6.2.2/node_modules/chai/index.js:1700:25)\n    at C:/Users/Pc/Downloads/km/lib/vin-decode/bmw-group-qa.test.ts:100:65\n    at file:///C:/Users/Pc/Downloads/km/node_modules/.pnpm/@vitest+runner@4.1.9/node_modules/@vitest/runner/dist/chunk-artifact.js:302:11\n    at file:///C:/Users/Pc/Downloads/km/node_modules/.pnpm/@vitest+runner@4.1.9/node_modules/@vitest/runner/dist/chunk-artifact.js:1903:26\n    at file:///C:/Users/Pc/Downloads/km/node_modules/.pnpm/@vitest+runner@4.1.9/node_modules/@vitest/runner/dist/chunk-artifact.js:2326:20\n    at new Promise (<anonymous>)\n    at runWithCancel (file:///C:/Users/Pc/Downloads/km/node_modules/.pnpm/@vitest+runner@4.1.9/node_modules/@vitest/runner/dist/chunk-artifact.js:2323:10)\n    at file:///C:/Users/Pc/Downloads/km/node_modules/.pnpm/@vitest+runner@4.1.9/node_modules/@vitest/runner/dist/chunk-artifact.js:2305:20"],"meta":{},"tags":[]},{"ancestorTitles":["BMW Group QA ΓÇö modern prefixes still win"],"fullName":"BMW Group QA ΓÇö modern prefixes still win i4 / iX / M3 still resolve","status":"passed","title":"i4 / iX / M3 still resolve","duration":2.3305999999997766,"failureMessages":[],"meta":{},"tags":[]},{"ancestorTitles":["BMW Group QA ΓÇö MINI"],"fullName":"BMW Group QA ΓÇö MINI F56 Cooper is not Clubman","status":"passed","title":"F56 Cooper is not Clubman","duration":0.8173999999999069,"failureMessages":[],"meta":{},"tags":[]},{"ancestorTitles":["BMW Group QA ΓÇö MINI"],"fullName":"BMW Group QA ΓÇö MINI F54 Clubman is not Countryman","status":"passed","title":"F54 Clubman is not Countryman","duration":0.5923999999999978,"failureMessages":[],"meta":{},"tags":[]},{"ancestorTitles":["BMW Group QA ΓÇö MINI"],"fullName":"BMW Group QA ΓÇö MINI ambiguous WMWX alone does not invent Clubman","status":"passed","title":"ambiguous WMWX alone does not invent Clubman","duration":0.9092000000000553,"failureMessages":[],"meta":{},"tags":[]},{"ancestorTitles":["BMW Group QA ΓÇö Rolls-Royce"],"fullName":"BMW Group QA ΓÇö Rolls-Royce Spectre is not Wraith","status":"passed","title":"Spectre is not Wraith","duration":0.5221999999998843,"failureMessages":[],"meta":{},"tags":[]},{"ancestorTitles":["BMW Group QA ΓÇö Rolls-Royce"],"fullName":"BMW Group QA ΓÇö Rolls-Royce Ghost / Cullinan resolve","status":"passed","title":"Ghost / Cullinan resolve","duration":0.5992999999998574,"failureMessages":[],"meta":{},"tags":[]},{"ancestorTitles":["BMW Group QA ΓÇö plant"],"fullName":"BMW Group QA ΓÇö plant WBA plant B is Dingolfing","status":"passed","title":"WBA plant B is Dingolfing","duration":0.48729999999977736,"failureMessages":[],"meta":{},"tags":[]},{"ancestorTitles":["BMW Group QA ΓÇö plant"],"fullName":"BMW Group QA ΓÇö plant WBA plant A remains Munich","status":"passed","title":"WBA plant A remains Munich","duration":0.2907000000000153,"failureMessages":[],"meta":{},"tags":[]}],"startTime":1789296811202,"endTime":1789296811245.2908,"status":"failed","message":"","name":"C:/Users/Pc/Downloads/km/lib/vin-decode/bmw-group-qa.test.ts"},{"assertionResults":[{"ancestorTitles":["Chinese WMI make corrections (no model invent)"],"fullName":"Chinese WMI make corrections (no model invent) LE4 is Beijing Benz, not NIO (WMI registry)","status":"passed","title":"LE4 is Beijing Benz, not NIO (WMI registry)","duration":14.060899999999947,"failureMessages":[],"meta":{},"tags":[]},{"ancestorTitles":["Chinese WMI make corrections (no model invent)"],"fullName":"Chinese WMI make corrections (no model invent) HJN ΓåÆ NIO make-only","status":"passed","title":"HJN ΓåÆ NIO make-only","duration":1.2870000000000346,"failureMessages":[],"meta":{},"tags":[]},{"ancestorTitles":["Chinese WMI make corrections (no model invent)"],"fullName":"Chinese WMI make corrections (no model invent) L1N / LMV ΓåÆ XPeng make-only","status":"passed","title":"L1N / LMV ΓåÆ XPeng make-only","duration":2.065400000000068,"failureMessages":[],"meta":{},"tags":[]},{"ancestorTitles":["Chinese WMI make corrections (no model invent)"],"fullName":"Chinese WMI make corrections (no model invent) LW4 / HLX ΓåÆ Li Auto make-only","status":"passed","title":"LW4 / HLX ΓåÆ Li Auto make-only","duration":1.2539000000000442,"failureMessages":[],"meta":{},"tags":[]},{"ancestorTitles":["Chinese WMI make corrections (no model invent)"],"fullName":"Chinese WMI make corrections (no model invent) LJ1 stays JAC (shared with NIO ΓÇö no NIO invent from bare WMI)","status":"passed","title":"LJ1 stays JAC (shared with NIO ΓÇö no NIO invent from bare WMI)","duration":0.9653000000000702,"failureMessages":[],"meta":{},"tags":[]},{"ancestorTitles":["BMW ETK verified type expansions"],"fullName":"BMW ETK verified type expansions WBAUA71010A123456 ΓåÆ 1 Series E81, year null + range","status":"passed","title":"WBAUA71010A123456 ΓåÆ 1 Series E81, year null + range","duration":7.127299999999991,"failureMessages":[],"meta":{},"tags":[]},{"ancestorTitles":["BMW ETK verified type expansions"],"fullName":"BMW ETK verified type expansions WBAVN71010A123456 ΓåÆ X1 E84","status":"passed","title":"WBAVN71010A123456 ΓåÆ X1 E84","duration":1.710800000000063,"failureMessages":[],"meta":{},"tags":[]},{"ancestorTitles":["BMW ETK verified type expansions"],"fullName":"BMW ETK verified type expansions WBAWX73100B123456 ΓåÆ X3 F25","status":"passed","title":"WBAWX73100B123456 ΓåÆ X3 F25","duration":1.560100000000034,"failureMessages":[],"meta":{},"tags":[]},{"ancestorTitles":["Existing regressions still hold"],"fullName":"Existing regressions still hold WBANC71020B644072 ΓåÆ E60 5 Series","status":"passed","title":"WBANC71020B644072 ΓåÆ E60 5 Series","duration":0.9240999999999531,"failureMessages":[],"meta":{},"tags":[]},{"ancestorTitles":["Existing regressions still hold"],"fullName":"Existing regressions still hold WBAAV110X0FU03083 ΓåÆ 320i E46","status":"passed","title":"WBAAV110X0FU03083 ΓåÆ 320i E46","duration":0.606899999999996,"failureMessages":[],"meta":{},"tags":[]},{"ancestorTitles":["Existing regressions still hold"],"fullName":"Existing regressions still hold Tesla LRW still Tesla","status":"passed","title":"Tesla LRW still Tesla","duration":0.9163999999999533,"failureMessages":[],"meta":{},"tags":[]}],"startTime":1789296813722,"endTime":1789296813755.9165,"status":"passed","message":"","name":"C:/Users/Pc/Downloads/km/lib/vin-decode/coverage-enhance-qa.test.ts"},{"assertionResults":[{"ancestorTitles":["decodeCountry WMI refinement"],"fullName":"decodeCountry WMI refinement splits France and Spain on V-prefix WMIs","status":"passed","title":"splits France and Spain on V-prefix WMIs","duration":4.656900000000064,"failureMessages":[],"meta":{},"tags":[]},{"ancestorTitles":["decodeCountry WMI refinement"],"fullName":"decodeCountry WMI refinement splits Sweden on Y-prefix Volvo WMIs","status":"passed","title":"splits Sweden on Y-prefix Volvo WMIs","duration":0.487700000000018,"failureMessages":[],"meta":{},"tags":[]},{"ancestorTitles":["decodeCountry WMI refinement"],"fullName":"decodeCountry WMI refinement returns combined label when V WMI cannot be split","status":"passed","title":"returns combined label when V WMI cannot be split","duration":0.35159999999996217,"failureMessages":[],"meta":{},"tags":[]}],"startTime":1789296814325,"endTime":1789296814330.4878,"status":"passed","message":"","name":"C:/Users/Pc/Downloads/km/lib/vin-decode/decode-country.test.ts"},{"assertionResults":[{"ancestorTitles":["Tesla decoder"],"fullName":"Tesla decoder decodes Model 3 RWD with NMC battery","status":"passed","title":"decodes Model 3 RWD with NMC battery","duration":4.119499999999789,"failureMessages":[],"meta":{},"tags":[]},{"ancestorTitles":["Tesla decoder"],"fullName":"Tesla decoder decodes Model Y AWD Performance","status":"passed","title":"decodes Model Y AWD Performance","duration":0.8931999999999789,"failureMessages":[],"meta":{},"tags":[]},{"ancestorTitles":["Tesla decoder"],"fullName":"Tesla decoder decodes Shanghai-built Model 3","status":"passed","title":"decodes Shanghai-built Model 3","duration":0.6151000000002114,"failureMessages":[],"meta":{},"tags":[]},{"ancestorTitles":["BYD decoder"],"fullName":"BYD decoder decodes Atto 3 from LGXCE4 prefix","status":"passed","title":"decodes Atto 3 from LGXCE4 prefix","duration":1.5981000000001586,"failureMessages":[],"meta":{},"tags":[]},{"ancestorTitles":["BYD decoder"],"fullName":"BYD decoder decodes Seal from LGXCH6 prefix","status":"passed","title":"decodes Seal from LGXCH6 prefix","duration":0.4300999999998112,"failureMessages":[],"meta":{},"tags":[]},{"ancestorTitles":["BYD decoder"],"fullName":"BYD decoder decodes Dolphin from LC0CE4 prefix","status":"passed","title":"decodes Dolphin from LC0CE4 prefix","duration":0.4861999999998261,"failureMessages":[],"meta":{},"tags":[]},{"ancestorTitles":["BYD decoder"],"fullName":"BYD decoder decodes Han from LC0CE6 prefix","status":"passed","title":"decodes Han from LC0CE6 prefix","duration":0.4078999999999269,"failureMessages":[],"meta":{},"tags":[]},{"ancestorTitles":["Zeekr decoder"],"fullName":"Zeekr decoder decodes Zeekr 001 from L6T79T2 prefix","status":"passed","title":"decodes Zeekr 001 from L6T79T2 prefix","duration":0.5996000000000095,"failureMessages":[],"meta":{},"tags":[]},{"ancestorTitles":["Zeekr decoder"],"fullName":"Zeekr decoder decodes Zeekr 007 RWD from L6T79ME prefix","status":"passed","title":"decodes Zeekr 007 RWD from L6T79ME prefix","duration":1.001700000000028,"failureMessages":[],"meta":{},"tags":[]},{"ancestorTitles":["Zeekr decoder"],"fullName":"Zeekr decoder decodes Zeekr 009 from L6T79T2E9M prefix","status":"passed","title":"decodes Zeekr 009 from L6T79T2E9M prefix","duration":0.5119999999999436,"failureMessages":[],"meta":{},"tags":[]},{"ancestorTitles":["Zeekr decoder"],"fullName":"Zeekr decoder decodes Zeekr 7X AWD","status":"passed","title":"decodes Zeekr 7X AWD","duration":0.359000000000151,"failureMessages":[],"meta":{},"tags":[]},{"ancestorTitles":["Xiaomi decoder"],"fullName":"Xiaomi decoder decodes SU7 from LNB WMI","status":"passed","title":"decodes SU7 from LNB WMI","duration":0.5588999999999942,"failureMessages":[],"meta":{},"tags":[]},{"ancestorTitles":["Xiaomi decoder"],"fullName":"Xiaomi decoder decodes SU7 from HXM WMI","status":"passed","title":"decodes SU7 from HXM WMI","duration":0.21679999999992106,"failureMessages":[],"meta":{},"tags":[]},{"ancestorTitles":["Toyota USA 5YF (not Tesla)"],"fullName":"Toyota USA 5YF (not Tesla) does not treat 5YF as a Tesla WMI","status":"passed","title":"does not treat 5YF as a Tesla WMI","duration":0.2986000000000786,"failureMessages":[],"meta":{},"tags":[]},{"ancestorTitles":["Toyota USA 5YF (not Tesla)"],"fullName":"Toyota USA 5YF (not Tesla) decodes Mississippi Corolla VIN as Toyota Corolla","status":"failed","title":"decodes Mississippi Corolla VIN as Toyota Corolla","duration":19.77949999999987,"failureMessages":["AssertionError: expected null to be 2022 // Object.is equality\n    at C:/Users/Pc/Downloads/km/lib/vin-decode/ev-brands.test.ts:105:20\n    at file:///C:/Users/Pc/Downloads/km/node_modules/.pnpm/@vitest+runner@4.1.9/node_modules/@vitest/runner/dist/chunk-artifact.js:302:11\n    at file:///C:/Users/Pc/Downloads/km/node_modules/.pnpm/@vitest+runner@4.1.9/node_modules/@vitest/runner/dist/chunk-artifact.js:1903:26\n    at file:///C:/Users/Pc/Downloads/km/node_modules/.pnpm/@vitest+runner@4.1.9/node_modules/@vitest/runner/dist/chunk-artifact.js:2326:20\n    at new Promise (<anonymous>)\n    at runWithCancel (file:///C:/Users/Pc/Downloads/km/node_modules/.pnpm/@vitest+runner@4.1.9/node_modules/@vitest/runner/dist/chunk-artifact.js:2323:10)\n    at file:///C:/Users/Pc/Downloads/km/node_modules/.pnpm/@vitest+runner@4.1.9/node_modules/@vitest/runner/dist/chunk-artifact.js:2305:20\n    at new Promise (<anonymous>)\n    at runWithTimeout (file:///C:/Users/Pc/Downloads/km/node_modules/.pnpm/@vitest+runner@4.1.9/node_modules/@vitest/runner/dist/chunk-artifact.js:2272:10)\n    at file:///C:/Users/Pc/Downloads/km/node_modules/.pnpm/@vitest+runner@4.1.9/node_modules/@vitest/runner/dist/chunk-artifact.js:2955:64"],"meta":{},"tags":[]},{"ancestorTitles":["decodeVin integration"],"fullName":"decodeVin integration returns Tesla make + model + specs","status":"passed","title":"returns Tesla make + model + specs","duration":2.7590000000000146,"failureMessages":[],"meta":{},"tags":[]},{"ancestorTitles":["decodeVin integration"],"fullName":"decodeVin integration returns BYD make + Atto 3","status":"passed","title":"returns BYD make + Atto 3","duration":1.1278999999999542,"failureMessages":[],"meta":{},"tags":[]},{"ancestorTitles":["decodeVin integration"],"fullName":"decodeVin integration returns Zeekr make + model","status":"passed","title":"returns Zeekr make + model","duration":0.7825000000000273,"failureMessages":[],"meta":{},"tags":[]},{"ancestorTitles":["decodeVin integration"],"fullName":"decodeVin integration returns Xiaomi make + SU7","status":"passed","title":"returns Xiaomi make + SU7","duration":12.311099999999897,"failureMessages":[],"meta":{},"tags":[]}],"startTime":1789296811143,"endTime":1789296811194.311,"status":"failed","message":"","name":"C:/Users/Pc/Downloads/km/lib/vin-decode/ev-brands.test.ts"},{"assertionResults":[{"ancestorTitles":["focus brands ΓÇö Smart"],"fullName":"focus brands ΓÇö Smart WME451 fortwo + Hambach plant","status":"passed","title":"WME451 fortwo + Hambach plant","duration":13.953700000000026,"failureMessages":[],"meta":{},"tags":[]},{"ancestorTitles":["focus brands ΓÇö Smart"],"fullName":"focus brands ΓÇö Smart HESXR ΓåÆ Smart #1 EV (China JV)","status":"passed","title":"HESXR ΓåÆ Smart #1 EV (China JV)","duration":4.74109999999996,"failureMessages":[],"meta":{},"tags":[]},{"ancestorTitles":["focus brands ΓÇö Smart"],"fullName":"focus brands ΓÇö Smart HESCR ΓåÆ Smart #3 EV","status":"passed","title":"HESCR ΓåÆ Smart #3 EV","duration":1.456899999999905,"failureMessages":[],"meta":{},"tags":[]},{"ancestorTitles":["focus brands ΓÇö Smart"],"fullName":"focus brands ΓÇö Smart W1A453 ΓåÆ Smart forfour (MB AG WMI)","status":"passed","title":"W1A453 ΓåÆ Smart forfour (MB AG WMI)","duration":1.2619999999999436,"failureMessages":[],"meta":{},"tags":[]},{"ancestorTitles":["focus brands ΓÇö Opel"],"fullName":"focus brands ΓÇö Opel W0LP Astra German plant","status":"passed","title":"W0LP Astra German plant","duration":1.4244999999999663,"failureMessages":[],"meta":{},"tags":[]},{"ancestorTitles":["focus brands ΓÇö Opel"],"fullName":"focus brands ΓÇö Opel W0LF Frontera","status":"passed","title":"W0LF Frontera","duration":0.5960000000000036,"failureMessages":[],"meta":{},"tags":[]},{"ancestorTitles":["focus brands ΓÇö Opel"],"fullName":"focus brands ΓÇö Opel W0L0ZEC Corsa-e","status":"passed","title":"W0L0ZEC Corsa-e","duration":0.7404000000000224,"failureMessages":[],"meta":{},"tags":[]},{"ancestorTitles":["focus brands ΓÇö Renault"],"fullName":"focus brands ΓÇö Renault VF1 Clio / Captur / Megane / Zoe","status":"passed","title":"VF1 Clio / Captur / Megane / Zoe","duration":3.425799999999981,"failureMessages":[],"meta":{},"tags":[]},{"ancestorTitles":["focus brands ΓÇö Renault"],"fullName":"focus brands ΓÇö Renault VF2 Spanish plant resolves make + Clio","status":"passed","title":"VF2 Spanish plant resolves make + Clio","duration":1.4144999999999754,"failureMessages":[],"meta":{},"tags":[]},{"ancestorTitles":["focus brands ΓÇö Renault"],"fullName":"focus brands ΓÇö Renault VF1BA Twingo","status":"passed","title":"VF1BA Twingo","duration":0.9144999999999754,"failureMessages":[],"meta":{},"tags":[]},{"ancestorTitles":["focus brands ΓÇö Fiat"],"fullName":"focus brands ΓÇö Fiat official type-approval: 312 / 199 / ZCG","status":"passed","title":"official type-approval: 312 / 199 / ZCG","duration":3.1795999999999367,"failureMessages":[],"meta":{},"tags":[]},{"ancestorTitles":["focus brands ΓÇö Suzuki"],"fullName":"focus brands ΓÇö Suzuki Swift / Ignis Hungary","status":"passed","title":"Swift / Ignis Hungary","duration":1.0569999999999027,"failureMessages":[],"meta":{},"tags":[]},{"ancestorTitles":["focus brands ΓÇö Honda"],"fullName":"focus brands ΓÇö Honda US Accord series","status":"passed","title":"US Accord series","duration":0.6252000000000635,"failureMessages":[],"meta":{},"tags":[]},{"ancestorTitles":["focus brands ΓÇö Honda"],"fullName":"focus brands ΓÇö Honda UK Swindon Civic FN2","status":"passed","title":"UK Swindon Civic FN2","duration":0.8332000000000335,"failureMessages":[],"meta":{},"tags":[]},{"ancestorTitles":["focus brands ΓÇö Toyota / Hyundai"],"fullName":"focus brands ΓÇö Toyota / Hyundai Toyota RAV4 + Corolla Cross chassis","status":"passed","title":"Toyota RAV4 + Corolla Cross chassis","duration":1.0298999999999978,"failureMessages":[],"meta":{},"tags":[]},{"ancestorTitles":["focus brands ΓÇö Toyota / Hyundai"],"fullName":"focus brands ΓÇö Toyota / Hyundai Hyundai IONIQ 5 + Sonata US","status":"passed","title":"Hyundai IONIQ 5 + Sonata US","duration":1.4846000000000004,"failureMessages":[],"meta":{},"tags":[]},{"ancestorTitles":["focus brands ΓÇö Ford"],"fullName":"focus brands ΓÇö Ford EU Focus Mk4 + US F-150","status":"passed","title":"EU Focus Mk4 + US F-150","duration":1.2249000000000478,"failureMessages":[],"meta":{},"tags":[]},{"ancestorTitles":["focus brands ΓÇö Ford"],"fullName":"focus brands ΓÇö Ford Puma ST homologation","status":"passed","title":"Puma ST homologation","duration":0.5869000000000142,"failureMessages":[],"meta":{},"tags":[]},{"ancestorTitles":["focus brands ΓÇö Jaguar / Range Rover (Land Rover)"],"fullName":"focus brands ΓÇö Jaguar / Range Rover (Land Rover) EU ZZZ Range Rover / Defender / Discovery Sport","status":"passed","title":"EU ZZZ Range Rover / Defender / Discovery Sport","duration":3.77819999999997,"failureMessages":[],"meta":{},"tags":[]},{"ancestorTitles":["focus brands ΓÇö Jaguar / Range Rover (Land Rover)"],"fullName":"focus brands ΓÇö Jaguar / Range Rover (Land Rover) EU ZZZ Jaguar F-Pace / I-Pace / XF","status":"passed","title":"EU ZZZ Jaguar F-Pace / I-Pace / XF","duration":12.944599999999923,"failureMessages":[],"meta":{},"tags":[]},{"ancestorTitles":["focus brands ΓÇö Jaguar / Range Rover (Land Rover)"],"fullName":"focus brands ΓÇö Jaguar / Range Rover (Land Rover) US Defender SALE* does not stay as Evoque","status":"passed","title":"US Defender SALE* does not stay as Evoque","duration":1.0246999999999389,"failureMessages":[],"meta":{},"tags":[]},{"ancestorTitles":["focus brands ΓÇö Jaguar / Range Rover (Land Rover)"],"fullName":"focus brands ΓÇö Jaguar / Range Rover (Land Rover) US Velar SALY / Jaguar F-Pace prefixes","status":"passed","title":"US Velar SALY / Jaguar F-Pace prefixes","duration":0.8482999999999947,"failureMessages":[],"meta":{},"tags":[]},{"ancestorTitles":["focus brands ΓÇö Jaguar / Range Rover (Land Rover)"],"fullName":"focus brands ΓÇö Jaguar / Range Rover (Land Rover) classic UK SALLDH Defender","status":"passed","title":"classic UK SALLDH Defender","duration":0.4821999999999207,"failureMessages":[],"meta":{},"tags":[]},{"ancestorTitles":["focus brands ΓÇö Jaguar / Range Rover (Land Rover)"],"fullName":"focus brands ΓÇö Jaguar / Range Rover (Land Rover) SALGA2JF is Range Rover L405 not Velar; SALWA2BK is Sport not Freelander","status":"passed","title":"SALGA2JF is Range Rover L405 not Velar; SALWA2BK is Sport not Freelander","duration":1.8906999999999243,"failureMessages":[],"meta":{},"tags":[]},{"ancestorTitles":["focus brands ΓÇö Jaguar / Range Rover (Land Rover)"],"fullName":"focus brands ΓÇö Jaguar / Range Rover (Land Rover) does not invent JLR model on bare WMI","status":"passed","title":"does not invent JLR model on bare WMI","duration":0.8447000000001026,"failureMessages":[],"meta":{},"tags":[]},{"ancestorTitles":["focus brands ΓÇö no false positives"],"fullName":"focus brands ΓÇö no false positives does not invent a model when only WMI is known","status":"passed","title":"does not invent a model when only WMI is known","duration":0.6282000000001062,"failureMessages":[],"meta":{},"tags":[]},{"ancestorTitles":["focus brands ΓÇö no false positives"],"fullName":"focus brands ΓÇö no false positives Toyota Proace on VF1BT stays Toyota line, not Renault Clio","status":"passed","title":"Toyota Proace on VF1BT stays Toyota line, not Renault Clio","duration":0.5153999999999996,"failureMessages":[],"meta":{},"tags":[]}],"startTime":1789296813205,"endTime":1789296813271.5154,"status":"passed","message":"","name":"C:/Users/Pc/Downloads/km/lib/vin-decode/focus-brands.test.ts"},{"assertionResults":[{"ancestorTitles":["focus expand QA ΓÇö Hyundai make/model/year"],"fullName":"focus expand QA ΓÇö Hyundai make/model/year Hyundai Tucson NX4 US","status":"failed","title":"Hyundai Tucson NX4 US","duration":27.588100000000168,"failureMessages":["AssertionError: Hyundai Tucson NX4 US: year: expected null to be 2022 // Object.is equality\n    at assertCase (C:/Users/Pc/Downloads/km/lib/vin-decode/focus-expand-qa.test.ts:33:38)\n    at C:/Users/Pc/Downloads/km/lib/vin-decode/focus-expand-qa.test.ts:93:51\n    at file:///C:/Users/Pc/Downloads/km/node_modules/.pnpm/@vitest+runner@4.1.9/node_modules/@vitest/runner/dist/chunk-artifact.js:302:11\n    at file:///C:/Users/Pc/Downloads/km/node_modules/.pnpm/@vitest+runner@4.1.9/node_modules/@vitest/runner/dist/chunk-artifact.js:1903:26\n    at file:///C:/Users/Pc/Downloads/km/node_modules/.pnpm/@vitest+runner@4.1.9/node_modules/@vitest/runner/dist/chunk-artifact.js:2326:20\n    at new Promise (<anonymous>)\n    at runWithCancel (file:///C:/Users/Pc/Downloads/km/node_modules/.pnpm/@vitest+runner@4.1.9/node_modules/@vitest/runner/dist/chunk-artifact.js:2323:10)\n    at file:///C:/Users/Pc/Downloads/km/node_modules/.pnpm/@vitest+runner@4.1.9/node_modules/@vitest/runner/dist/chunk-artifact.js:2305:20\n    at new Promise (<anonymous>)\n    at runWithTimeout (file:///C:/Users/Pc/Downloads/km/node_modules/.pnpm/@vitest+runner@4.1.9/node_modules/@vitest/runner/dist/chunk-artifact.js:2272:10)"],"meta":{},"tags":[]},{"ancestorTitles":["focus expand QA ΓÇö Hyundai make/model/year"],"fullName":"focus expand QA ΓÇö Hyundai make/model/year Hyundai IONIQ 5","status":"passed","title":"Hyundai IONIQ 5","duration":7.153299999999945,"failureMessages":[],"meta":{},"tags":[]},{"ancestorTitles":["focus expand QA ΓÇö Hyundai make/model/year"],"fullName":"focus expand QA ΓÇö Hyundai make/model/year Hyundai IONIQ 6","status":"passed","title":"Hyundai IONIQ 6","duration":2.774499999999989,"failureMessages":[],"meta":{},"tags":[]},{"ancestorTitles":["focus expand QA ΓÇö Hyundai make/model/year"],"fullName":"focus expand QA ΓÇö Hyundai make/model/year Hyundai Santa Fe MX5 US","status":"failed","title":"Hyundai Santa Fe MX5 US","duration":2.378899999999703,"failureMessages":["AssertionError: Hyundai Santa Fe MX5 US: year: expected null to be 2024 // Object.is equality\n    at assertCase (C:/Users/Pc/Downloads/km/lib/vin-decode/focus-expand-qa.test.ts:33:38)\n    at C:/Users/Pc/Downloads/km/lib/vin-decode/focus-expand-qa.test.ts:93:51\n    at file:///C:/Users/Pc/Downloads/km/node_modules/.pnpm/@vitest+runner@4.1.9/node_modules/@vitest/runner/dist/chunk-artifact.js:302:11\n    at file:///C:/Users/Pc/Downloads/km/node_modules/.pnpm/@vitest+runner@4.1.9/node_modules/@vitest/runner/dist/chunk-artifact.js:1903:26\n    at file:///C:/Users/Pc/Downloads/km/node_modules/.pnpm/@vitest+runner@4.1.9/node_modules/@vitest/runner/dist/chunk-artifact.js:2326:20\n    at new Promise (<anonymous>)\n    at runWithCancel (file:///C:/Users/Pc/Downloads/km/node_modules/.pnpm/@vitest+runner@4.1.9/node_modules/@vitest/runner/dist/chunk-artifact.js:2323:10)\n    at file:///C:/Users/Pc/Downloads/km/node_modules/.pnpm/@vitest+runner@4.1.9/node_modules/@vitest/runner/dist/chunk-artifact.js:2305:20\n    at new Promise (<anonymous>)\n    at runWithTimeout (file:///C:/Users/Pc/Downloads/km/node_modules/.pnpm/@vitest+runner@4.1.9/node_modules/@vitest/runner/dist/chunk-artifact.js:2272:10)"],"meta":{},"tags":[]},{"ancestorTitles":["focus expand QA ΓÇö Hyundai make/model/year"],"fullName":"focus expand QA ΓÇö Hyundai make/model/year Hyundai Staria","status":"failed","title":"Hyundai Staria","duration":1.7625000000002728,"failureMessages":["AssertionError: Hyundai Staria: year: expected null to be 2022 // Object.is equality\n    at assertCase (C:/Users/Pc/Downloads/km/lib/vin-decode/focus-expand-qa.test.ts:33:38)\n    at C:/Users/Pc/Downloads/km/lib/vin-decode/focus-expand-qa.test.ts:93:51\n    at file:///C:/Users/Pc/Downloads/km/node_modules/.pnpm/@vitest+runner@4.1.9/node_modules/@vitest/runner/dist/chunk-artifact.js:302:11\n    at file:///C:/Users/Pc/Downloads/km/node_modules/.pnpm/@vitest+runner@4.1.9/node_modules/@vitest/runner/dist/chunk-artifact.js:1903:26\n    at file:///C:/Users/Pc/Downloads/km/node_modules/.pnpm/@vitest+runner@4.1.9/node_modules/@vitest/runner/dist/chunk-artifact.js:2326:20\n    at new Promise (<anonymous>)\n    at runWithCancel (file:///C:/Users/Pc/Downloads/km/node_modules/.pnpm/@vitest+runner@4.1.9/node_modules/@vitest/runner/dist/chunk-artifact.js:2323:10)\n    at file:///C:/Users/Pc/Downloads/km/node_modules/.pnpm/@vitest+runner@4.1.9/node_modules/@vitest/runner/dist/chunk-artifact.js:2305:20\n    at new Promise (<anonymous>)\n    at runWithTimeout (file:///C:/Users/Pc/Downloads/km/node_modules/.pnpm/@vitest+runner@4.1.9/node_modules/@vitest/runner/dist/chunk-artifact.js:2272:10)"],"meta":{},"tags":[]},{"ancestorTitles":["focus expand QA ΓÇö Hyundai make/model/year"],"fullName":"focus expand QA ΓÇö Hyundai make/model/year Hyundai Creta IN","status":"failed","title":"Hyundai Creta IN","duration":1.9320999999999913,"failureMessages":["AssertionError: Hyundai Creta IN: year: expected null to be 2022 // Object.is equality\n    at assertCase (C:/Users/Pc/Downloads/km/lib/vin-decode/focus-expand-qa.test.ts:33:38)\n    at C:/Users/Pc/Downloads/km/lib/vin-decode/focus-expand-qa.test.ts:93:51\n    at file:///C:/Users/Pc/Downloads/km/node_modules/.pnpm/@vitest+runner@4.1.9/node_modules/@vitest/runner/dist/chunk-artifact.js:302:11\n    at file:///C:/Users/Pc/Downloads/km/node_modules/.pnpm/@vitest+runner@4.1.9/node_modules/@vitest/runner/dist/chunk-artifact.js:1903:26\n    at file:///C:/Users/Pc/Downloads/km/node_modules/.pnpm/@vitest+runner@4.1.9/node_modules/@vitest/runner/dist/chunk-artifact.js:2326:20\n    at new Promise (<anonymous>)\n    at runWithCancel (file:///C:/Users/Pc/Downloads/km/node_modules/.pnpm/@vitest+runner@4.1.9/node_modules/@vitest/runner/dist/chunk-artifact.js:2323:10)\n    at file:///C:/Users/Pc/Downloads/km/node_modules/.pnpm/@vitest+runner@4.1.9/node_modules/@vitest/runner/dist/chunk-artifact.js:2305:20\n    at new Promise (<anonymous>)\n    at runWithTimeout (file:///C:/Users/Pc/Downloads/km/node_modules/.pnpm/@vitest+runner@4.1.9/node_modules/@vitest/runner/dist/chunk-artifact.js:2272:10)"],"meta":{},"tags":[]},{"ancestorTitles":["focus expand QA ΓÇö Hyundai make/model/year"],"fullName":"focus expand QA ΓÇö Hyundai make/model/year Hyundai Kona SX2 EU","status":"failed","title":"Hyundai Kona SX2 EU","duration":2.5601000000001477,"failureMessages":["AssertionError: Hyundai Kona SX2 EU: year: expected null to be 2023 // Object.is equality\n    at assertCase (C:/Users/Pc/Downloads/km/lib/vin-decode/focus-expand-qa.test.ts:33:38)\n    at C:/Users/Pc/Downloads/km/lib/vin-decode/focus-expand-qa.test.ts:93:51\n    at file:///C:/Users/Pc/Downloads/km/node_modules/.pnpm/@vitest+runner@4.1.9/node_modules/@vitest/runner/dist/chunk-artifact.js:302:11\n    at file:///C:/Users/Pc/Downloads/km/node_modules/.pnpm/@vitest+runner@4.1.9/node_modules/@vitest/runner/dist/chunk-artifact.js:1903:26\n    at file:///C:/Users/Pc/Downloads/km/node_modules/.pnpm/@vitest+runner@4.1.9/node_modules/@vitest/runner/dist/chunk-artifact.js:2326:20\n    at new Promise (<anonymous>)\n    at runWithCancel (file:///C:/Users/Pc/Downloads/km/node_modules/.pnpm/@vitest+runner@4.1.9/node_modules/@vitest/runner/dist/chunk-artifact.js:2323:10)\n    at file:///C:/Users/Pc/Downloads/km/node_modules/.pnpm/@vitest+runner@4.1.9/node_modules/@vitest/runner/dist/chunk-artifact.js:2305:20\n    at new Promise (<anonymous>)\n    at runWithTimeout (file:///C:/Users/Pc/Downloads/km/node_modules/.pnpm/@vitest+runner@4.1.9/node_modules/@vitest/runner/dist/chunk-artifact.js:2272:10)"],"meta":{},"tags":[]},{"ancestorTitles":["focus expand QA ΓÇö Toyota make/model/year"],"fullName":"focus expand QA ΓÇö Toyota make/model/year Toyota RAV4 XA50","status":"failed","title":"Toyota RAV4 XA50","duration":1.8773000000001048,"failureMessages":["AssertionError: Toyota RAV4 XA50: year: expected null to be 2019 // Object.is equality\n    at assertCase (C:/Users/Pc/Downloads/km/lib/vin-decode/focus-expand-qa.test.ts:33:38)\n    at C:/Users/Pc/Downloads/km/lib/vin-decode/focus-expand-qa.test.ts:97:50\n    at file:///C:/Users/Pc/Downloads/km/node_modules/.pnpm/@vitest+runner@4.1.9/node_modules/@vitest/runner/dist/chunk-artifact.js:302:11\n    at file:///C:/Users/Pc/Downloads/km/node_modules/.pnpm/@vitest+runner@4.1.9/node_modules/@vitest/runner/dist/chunk-artifact.js:1903:26\n    at file:///C:/Users/Pc/Downloads/km/node_modules/.pnpm/@vitest+runner@4.1.9/node_modules/@vitest/runner/dist/chunk-artifact.js:2326:20\n    at new Promise (<anonymous>)\n    at runWithCancel (file:///C:/Users/Pc/Downloads/km/node_modules/.pnpm/@vitest+runner@4.1.9/node_modules/@vitest/runner/dist/chunk-artifact.js:2323:10)\n    at file:///C:/Users/Pc/Downloads/km/node_modules/.pnpm/@vitest+runner@4.1.9/node_modules/@vitest/runner/dist/chunk-artifact.js:2305:20\n    at new Promise (<anonymous>)\n    at runWithTimeout (file:///C:/Users/Pc/Downloads/km/node_modules/.pnpm/@vitest+runner@4.1.9/node_modules/@vitest/runner/dist/chunk-artifact.js:2272:10)"],"meta":{},"tags":[]},{"ancestorTitles":["focus expand QA ΓÇö Toyota make/model/year"],"fullName":"focus expand QA ΓÇö Toyota make/model/year Toyota Camry XV50 US","status":"failed","title":"Toyota Camry XV50 US","duration":2.4853000000002794,"failureMessages":["AssertionError: Toyota Camry XV50 US: year: expected null to be 2016 // Object.is equality\n    at assertCase (C:/Users/Pc/Downloads/km/lib/vin-decode/focus-expand-qa.test.ts:33:38)\n    at C:/Users/Pc/Downloads/km/lib/vin-decode/focus-expand-qa.test.ts:97:50\n    at file:///C:/Users/Pc/Downloads/km/node_modules/.pnpm/@vitest+runner@4.1.9/node_modules/@vitest/runner/dist/chunk-artifact.js:302:11\n    at file:///C:/Users/Pc/Downloads/km/node_modules/.pnpm/@vitest+runner@4.1.9/node_modules/@vitest/runner/dist/chunk-artifact.js:1903:26\n    at file:///C:/Users/Pc/Downloads/km/node_modules/.pnpm/@vitest+runner@4.1.9/node_modules/@vitest/runner/dist/chunk-artifact.js:2326:20\n    at new Promise (<anonymous>)\n    at runWithCancel (file:///C:/Users/Pc/Downloads/km/node_modules/.pnpm/@vitest+runner@4.1.9/node_modules/@vitest/runner/dist/chunk-artifact.js:2323:10)\n    at file:///C:/Users/Pc/Downloads/km/node_modules/.pnpm/@vitest+runner@4.1.9/node_modules/@vitest/runner/dist/chunk-artifact.js:2305:20\n    at new Promise (<anonymous>)\n    at runWithTimeout (file:///C:/Users/Pc/Downloads/km/node_modules/.pnpm/@vitest+runner@4.1.9/node_modules/@vitest/runner/dist/chunk-artifact.js:2272:10)"],"meta":{},"tags":[]},{"ancestorTitles":["focus expand QA ΓÇö Toyota make/model/year"],"fullName":"focus expand QA ΓÇö Toyota make/model/year Toyota Camry XV70 US","status":"failed","title":"Toyota Camry XV70 US","duration":1.931300000000192,"failureMessages":["AssertionError: Toyota Camry XV70 US: year: expected null to be 2022 // Object.is equality\n    at assertCase (C:/Users/Pc/Downloads/km/lib/vin-decode/focus-expand-qa.test.ts:33:38)\n    at C:/Users/Pc/Downloads/km/lib/vin-decode/focus-expand-qa.test.ts:97:50\n    at file:///C:/Users/Pc/Downloads/km/node_modules/.pnpm/@vitest+runner@4.1.9/node_modules/@vitest/runner/dist/chunk-artifact.js:302:11\n    at file:///C:/Users/Pc/Downloads/km/node_modules/.pnpm/@vitest+runner@4.1.9/node_modules/@vitest/runner/dist/chunk-artifact.js:1903:26\n    at file:///C:/Users/Pc/Downloads/km/node_modules/.pnpm/@vitest+runner@4.1.9/node_modules/@vitest/runner/dist/chunk-artifact.js:2326:20\n    at new Promise (<anonymous>)\n    at runWithCancel (file:///C:/Users/Pc/Downloads/km/node_modules/.pnpm/@vitest+runner@4.1.9/node_modules/@vitest/runner/dist/chunk-artifact.js:2323:10)\n    at file:///C:/Users/Pc/Downloads/km/node_modules/.pnpm/@vitest+runner@4.1.9/node_modules/@vitest/runner/dist/chunk-artifact.js:2305:20\n    at new Promise (<anonymous>)\n    at runWithTimeout (file:///C:/Users/Pc/Downloads/km/node_modules/.pnpm/@vitest+runner@4.1.9/node_modules/@vitest/runner/dist/chunk-artifact.js:2272:10)"],"meta":{},"tags":[]},{"ancestorTitles":["focus expand QA ΓÇö Toyota make/model/year"],"fullName":"focus expand QA ΓÇö Toyota make/model/year Toyota Tacoma N300","status":"failed","title":"Toyota Tacoma N300","duration":4.91840000000002,"failureMessages":["AssertionError: Toyota Tacoma N300: year: expected null to be 2022 // Object.is equality\n    at assertCase (C:/Users/Pc/Downloads/km/lib/vin-decode/focus-expand-qa.test.ts:33:38)\n    at C:/Users/Pc/Downloads/km/lib/vin-decode/focus-expand-qa.test.ts:97:50\n    at file:///C:/Users/Pc/Downloads/km/node_modules/.pnpm/@vitest+runner@4.1.9/node_modules/@vitest/runner/dist/chunk-artifact.js:302:11\n    at file:///C:/Users/Pc/Downloads/km/node_modules/.pnpm/@vitest+runner@4.1.9/node_modules/@vitest/runner/dist/chunk-artifact.js:1903:26\n    at file:///C:/Users/Pc/Downloads/km/node_modules/.pnpm/@vitest+runner@4.1.9/node_modules/@vitest/runner/dist/chunk-artifact.js:2326:20\n    at new Promise (<anonymous>)\n    at runWithCancel (file:///C:/Users/Pc/Downloads/km/node_modules/.pnpm/@vitest+runner@4.1.9/node_modules/@vitest/runner/dist/chunk-artifact.js:2323:10)\n    at file:///C:/Users/Pc/Downloads/km/node_modules/.pnpm/@vitest+runner@4.1.9/node_modules/@vitest/runner/dist/chunk-artifact.js:2305:20\n    at new Promise (<anonymous>)\n    at runWithTimeout (file:///C:/Users/Pc/Downloads/km/node_modules/.pnpm/@vitest+runner@4.1.9/node_modules/@vitest/runner/dist/chunk-artifact.js:2272:10)"],"meta":{},"tags":[]},{"ancestorTitles":["focus expand QA ΓÇö Toyota make/model/year"],"fullName":"focus expand QA ΓÇö Toyota make/model/year Toyota Tundra XK70","status":"failed","title":"Toyota Tundra XK70","duration":1.9148000000000138,"failureMessages":["AssertionError: Toyota Tundra XK70: year: expected null to be 2023 // Object.is equality\n    at assertCase (C:/Users/Pc/Downloads/km/lib/vin-decode/focus-expand-qa.test.ts:33:38)\n    at C:/Users/Pc/Downloads/km/lib/vin-decode/focus-expand-qa.test.ts:97:50\n    at file:///C:/Users/Pc/Downloads/km/node_modules/.pnpm/@vitest+runner@4.1.9/node_modules/@vitest/runner/dist/chunk-artifact.js:302:11\n    at file:///C:/Users/Pc/Downloads/km/node_modules/.pnpm/@vitest+runner@4.1.9/node_modules/@vitest/runner/dist/chunk-artifact.js:1903:26\n    at file:///C:/Users/Pc/Downloads/km/node_modules/.pnpm/@vitest+runner@4.1.9/node_modules/@vitest/runner/dist/chunk-artifact.js:2326:20\n    at new Promise (<anonymous>)\n    at runWithCancel (file:///C:/Users/Pc/Downloads/km/node_modules/.pnpm/@vitest+runner@4.1.9/node_modules/@vitest/runner/dist/chunk-artifact.js:2323:10)\n    at file:///C:/Users/Pc/Downloads/km/node_modules/.pnpm/@vitest+runner@4.1.9/node_modules/@vitest/runner/dist/chunk-artifact.js:2305:20\n    at new Promise (<anonymous>)\n    at runWithTimeout (file:///C:/Users/Pc/Downloads/km/node_modules/.pnpm/@vitest+runner@4.1.9/node_modules/@vitest/runner/dist/chunk-artifact.js:2272:10)"],"meta":{},"tags":[]},{"ancestorTitles":["focus expand QA ΓÇö Toyota make/model/year"],"fullName":"focus expand QA ΓÇö Toyota make/model/year Toyota 4Runner","status":"failed","title":"Toyota 4Runner","duration":1.7251999999998588,"failureMessages":["AssertionError: Toyota 4Runner: year: expected null to be 2022 // Object.is equality\n    at assertCase (C:/Users/Pc/Downloads/km/lib/vin-decode/focus-expand-qa.test.ts:33:38)\n    at C:/Users/Pc/Downloads/km/lib/vin-decode/focus-expand-qa.test.ts:97:50\n    at file:///C:/Users/Pc/Downloads/km/node_modules/.pnpm/@vitest+runner@4.1.9/node_modules/@vitest/runner/dist/chunk-artifact.js:302:11\n    at file:///C:/Users/Pc/Downloads/km/node_modules/.pnpm/@vitest+runner@4.1.9/node_modules/@vitest/runner/dist/chunk-artifact.js:1903:26\n    at file:///C:/Users/Pc/Downloads/km/node_modules/.pnpm/@vitest+runner@4.1.9/node_modules/@vitest/runner/dist/chunk-artifact.js:2326:20\n    at new Promise (<anonymous>)\n    at runWithCancel (file:///C:/Users/Pc/Downloads/km/node_modules/.pnpm/@vitest+runner@4.1.9/node_modules/@vitest/runner/dist/chunk-artifact.js:2323:10)\n    at file:///C:/Users/Pc/Downloads/km/node_modules/.pnpm/@vitest+runner@4.1.9/node_modules/@vitest/runner/dist/chunk-artifact.js:2305:20\n    at new Promise (<anonymous>)\n    at runWithTimeout (file:///C:/Users/Pc/Downloads/km/node_modules/.pnpm/@vitest+runner@4.1.9/node_modules/@vitest/runner/dist/chunk-artifact.js:2272:10)"],"meta":{},"tags":[]},{"ancestorTitles":["focus expand QA ΓÇö Toyota make/model/year"],"fullName":"focus expand QA ΓÇö Toyota make/model/year Toyota Mirai","status":"failed","title":"Toyota Mirai","duration":1.7966999999998734,"failureMessages":["AssertionError: Toyota Mirai: year: expected null to be 2022 // Object.is equality\n    at assertCase (C:/Users/Pc/Downloads/km/lib/vin-decode/focus-expand-qa.test.ts:33:38)\n    at C:/Users/Pc/Downloads/km/lib/vin-decode/focus-expand-qa.test.ts:97:50\n    at file:///C:/Users/Pc/Downloads/km/node_modules/.pnpm/@vitest+runner@4.1.9/node_modules/@vitest/runner/dist/chunk-artifact.js:302:11\n    at file:///C:/Users/Pc/Downloads/km/node_modules/.pnpm/@vitest+runner@4.1.9/node_modules/@vitest/runner/dist/chunk-artifact.js:1903:26\n    at file:///C:/Users/Pc/Downloads/km/node_modules/.pnpm/@vitest+runner@4.1.9/node_modules/@vitest/runner/dist/chunk-artifact.js:2326:20\n    at new Promise (<anonymous>)\n    at runWithCancel (file:///C:/Users/Pc/Downloads/km/node_modules/.pnpm/@vitest+runner@4.1.9/node_modules/@vitest/runner/dist/chunk-artifact.js:2323:10)\n    at file:///C:/Users/Pc/Downloads/km/node_modules/.pnpm/@vitest+runner@4.1.9/node_modules/@vitest/runner/dist/chunk-artifact.js:2305:20\n    at new Promise (<anonymous>)\n    at runWithTimeout (file:///C:/Users/Pc/Downloads/km/node_modules/.pnpm/@vitest+runner@4.1.9/node_modules/@vitest/runner/dist/chunk-artifact.js:2272:10)"],"meta":{},"tags":[]},{"ancestorTitles":["focus expand QA ΓÇö Toyota make/model/year"],"fullName":"focus expand QA ΓÇö Toyota make/model/year Toyota Yaris Cross UK","status":"failed","title":"Toyota Yaris Cross UK","duration":1.3474999999998545,"failureMessages":["AssertionError: Toyota Yaris Cross UK: year: expected null to be 2022 // Object.is equality\n    at assertCase (C:/Users/Pc/Downloads/km/lib/vin-decode/focus-expand-qa.test.ts:33:38)\n    at C:/Users/Pc/Downloads/km/lib/vin-decode/focus-expand-qa.test.ts:97:50\n    at file:///C:/Users/Pc/Downloads/km/node_modules/.pnpm/@vitest+runner@4.1.9/node_modules/@vitest/runner/dist/chunk-artifact.js:302:11\n    at file:///C:/Users/Pc/Downloads/km/node_modules/.pnpm/@vitest+runner@4.1.9/node_modules/@vitest/runner/dist/chunk-artifact.js:1903:26\n    at file:///C:/Users/Pc/Downloads/km/node_modules/.pnpm/@vitest+runner@4.1.9/node_modules/@vitest/runner/dist/chunk-artifact.js:2326:20\n    at new Promise (<anonymous>)\n    at runWithCancel (file:///C:/Users/Pc/Downloads/km/node_modules/.pnpm/@vitest+runner@4.1.9/node_modules/@vitest/runner/dist/chunk-artifact.js:2323:10)\n    at file:///C:/Users/Pc/Downloads/km/node_modules/.pnpm/@vitest+runner@4.1.9/node_modules/@vitest/runner/dist/chunk-artifact.js:2305:20\n    at new Promise (<anonymous>)\n    at runWithTimeout (file:///C:/Users/Pc/Downloads/km/node_modules/.pnpm/@vitest+runner@4.1.9/node_modules/@vitest/runner/dist/chunk-artifact.js:2272:10)"],"meta":{},"tags":[]},{"ancestorTitles":["focus expand QA ΓÇö Toyota make/model/year"],"fullName":"focus expand QA ΓÇö Toyota make/model/year Toyota GR Supra EU","status":"failed","title":"Toyota GR Supra EU","duration":1.923200000000179,"failureMessages":["AssertionError: Toyota GR Supra EU: year: expected null to be 2020 // Object.is equality\n    at assertCase (C:/Users/Pc/Downloads/km/lib/vin-decode/focus-expand-qa.test.ts:33:38)\n    at C:/Users/Pc/Downloads/km/lib/vin-decode/focus-expand-qa.test.ts:97:50\n    at file:///C:/Users/Pc/Downloads/km/node_modules/.pnpm/@vitest+runner@4.1.9/node_modules/@vitest/runner/dist/chunk-artifact.js:302:11\n    at file:///C:/Users/Pc/Downloads/km/node_modules/.pnpm/@vitest+runner@4.1.9/node_modules/@vitest/runner/dist/chunk-artifact.js:1903:26\n    at file:///C:/Users/Pc/Downloads/km/node_modules/.pnpm/@vitest+runner@4.1.9/node_modules/@vitest/runner/dist/chunk-artifact.js:2326:20\n    at new Promise (<anonymous>)\n    at runWithCancel (file:///C:/Users/Pc/Downloads/km/node_modules/.pnpm/@vitest+runner@4.1.9/node_modules/@vitest/runner/dist/chunk-artifact.js:2323:10)\n    at file:///C:/Users/Pc/Downloads/km/node_modules/.pnpm/@vitest+runner@4.1.9/node_modules/@vitest/runner/dist/chunk-artifact.js:2305:20\n    at new Promise (<anonymous>)\n    at runWithTimeout (file:///C:/Users/Pc/Downloads/km/node_modules/.pnpm/@vitest+runner@4.1.9/node_modules/@vitest/runner/dist/chunk-artifact.js:2272:10)"],"meta":{},"tags":[]},{"ancestorTitles":["focus expand QA ΓÇö Honda make/model/year"],"fullName":"focus expand QA ΓÇö Honda make/model/year Honda Accord 10th US","status":"failed","title":"Honda Accord 10th US","duration":17.526499999999942,"failureMessages":["AssertionError: Honda Accord 10th US: year: expected null to be 2020 // Object.is equality\n    at assertCase (C:/Users/Pc/Downloads/km/lib/vin-decode/focus-expand-qa.test.ts:33:38)\n    at C:/Users/Pc/Downloads/km/lib/vin-decode/focus-expand-qa.test.ts:101:49\n    at file:///C:/Users/Pc/Downloads/km/node_modules/.pnpm/@vitest+runner@4.1.9/node_modules/@vitest/runner/dist/chunk-artifact.js:302:11\n    at file:///C:/Users/Pc/Downloads/km/node_modules/.pnpm/@vitest+runner@4.1.9/node_modules/@vitest/runner/dist/chunk-artifact.js:1903:26\n    at file:///C:/Users/Pc/Downloads/km/node_modules/.pnpm/@vitest+runner@4.1.9/node_modules/@vitest/runner/dist/chunk-artifact.js:2326:20\n    at new Promise (<anonymous>)\n    at runWithCancel (file:///C:/Users/Pc/Downloads/km/node_modules/.pnpm/@vitest+runner@4.1.9/node_modules/@vitest/runner/dist/chunk-artifact.js:2323:10)\n    at file:///C:/Users/Pc/Downloads/km/node_modules/.pnpm/@vitest+runner@4.1.9/node_modules/@vitest/runner/dist/chunk-artifact.js:2305:20\n    at new Promise (<anonymous>)\n    at runWithTimeout (file:///C:/Users/Pc/Downloads/km/node_modules/.pnpm/@vitest+runner@4.1.9/node_modules/@vitest/runner/dist/chunk-artifact.js:2272:10)"],"meta":{},"tags":[]},{"ancestorTitles":["focus expand QA ΓÇö Honda make/model/year"],"fullName":"focus expand QA ΓÇö Honda make/model/year Honda Civic 11th US","status":"failed","title":"Honda Civic 11th US","duration":4.347299999999905,"failureMessages":["AssertionError: Honda Civic 11th US: year: expected null to be 2022 // Object.is equality\n    at assertCase (C:/Users/Pc/Downloads/km/lib/vin-decode/focus-expand-qa.test.ts:33:38)\n    at C:/Users/Pc/Downloads/km/lib/vin-decode/focus-expand-qa.test.ts:101:49\n    at file:///C:/Users/Pc/Downloads/km/node_modules/.pnpm/@vitest+runner@4.1.9/node_modules/@vitest/runner/dist/chunk-artifact.js:302:11\n    at file:///C:/Users/Pc/Downloads/km/node_modules/.pnpm/@vitest+runner@4.1.9/node_modules/@vitest/runner/dist/chunk-artifact.js:1903:26\n    at file:///C:/Users/Pc/Downloads/km/node_modules/.pnpm/@vitest+runner@4.1.9/node_modules/@vitest/runner/dist/chunk-artifact.js:2326:20\n    at new Promise (<anonymous>)\n    at runWithCancel (file:///C:/Users/Pc/Downloads/km/node_modules/.pnpm/@vitest+runner@4.1.9/node_modules/@vitest/runner/dist/chunk-artifact.js:2323:10)\n    at file:///C:/Users/Pc/Downloads/km/node_modules/.pnpm/@vitest+runner@4.1.9/node_modules/@vitest/runner/dist/chunk-artifact.js:2305:20\n    at new Promise (<anonymous>)\n    at runWithTimeout (file:///C:/Users/Pc/Downloads/km/node_modules/.pnpm/@vitest+runner@4.1.9/node_modules/@vitest/runner/dist/chunk-artifact.js:2272:10)"],"meta":{},"tags":[]},{"ancestorTitles":["focus expand QA ΓÇö Honda make/model/year"],"fullName":"focus expand QA ΓÇö Honda make/model/year Honda CR-V 6th US","status":"failed","title":"Honda CR-V 6th US","duration":16.432999999999993,"failureMessages":["AssertionError: Honda CR-V 6th US: year: expected null to be 2022 // Object.is equality\n    at assertCase (C:/Users/Pc/Downloads/km/lib/vin-decode/focus-expand-qa.test.ts:33:38)\n    at C:/Users/Pc/Downloads/km/lib/vin-decode/focus-expand-qa.test.ts:101:49\n    at file:///C:/Users/Pc/Downloads/km/node_modules/.pnpm/@vitest+runner@4.1.9/node_modules/@vitest/runner/dist/chunk-artifact.js:302:11\n    at file:///C:/Users/Pc/Downloads/km/node_modules/.pnpm/@vitest+runner@4.1.9/node_modules/@vitest/runner/dist/chunk-artifact.js:1903:26\n    at file:///C:/Users/Pc/Downloads/km/node_modules/.pnpm/@vitest+runner@4.1.9/node_modules/@vitest/runner/dist/chunk-artifact.js:2326:20\n    at new Promise (<anonymous>)\n    at runWithCancel (file:///C:/Users/Pc/Downloads/km/node_modules/.pnpm/@vitest+runner@4.1.9/node_modules/@vitest/runner/dist/chunk-artifact.js:2323:10)\n    at file:///C:/Users/Pc/Downloads/km/node_modules/.pnpm/@vitest+runner@4.1.9/node_modules/@vitest/runner/dist/chunk-artifact.js:2305:20\n    at new Promise (<anonymous>)\n    at runWithTimeout (file:///C:/Users/Pc/Downloads/km/node_modules/.pnpm/@vitest+runner@4.1.9/node_modules/@vitest/runner/dist/chunk-artifact.js:2272:10)"],"meta":{},"tags":[]},{"ancestorTitles":["focus expand QA ΓÇö Honda make/model/year"],"fullName":"focus expand QA ΓÇö Honda make/model/year Honda HR-V US","status":"failed","title":"Honda HR-V US","duration":2.3744000000001506,"failureMessages":["AssertionError: Honda HR-V US: year: expected null to be 2022 // Object.is equality\n    at assertCase (C:/Users/Pc/Downloads/km/lib/vin-decode/focus-expand-qa.test.ts:33:38)\n    at C:/Users/Pc/Downloads/km/lib/vin-decode/focus-expand-qa.test.ts:101:49\n    at file:///C:/Users/Pc/Downloads/km/node_modules/.pnpm/@vitest+runner@4.1.9/node_modules/@vitest/runner/dist/chunk-artifact.js:302:11\n    at file:///C:/Users/Pc/Downloads/km/node_modules/.pnpm/@vitest+runner@4.1.9/node_modules/@vitest/runner/dist/chunk-artifact.js:1903:26\n    at file:///C:/Users/Pc/Downloads/km/node_modules/.pnpm/@vitest+runner@4.1.9/node_modules/@vitest/runner/dist/chunk-artifact.js:2326:20\n    at new Promise (<anonymous>)\n    at runWithCancel (file:///C:/Users/Pc/Downloads/km/node_modules/.pnpm/@vitest+runner@4.1.9/node_modules/@vitest/runner/dist/chunk-artifact.js:2323:10)\n    at file:///C:/Users/Pc/Downloads/km/node_modules/.pnpm/@vitest+runner@4.1.9/node_modules/@vitest/runner/dist/chunk-artifact.js:2305:20\n    at new Promise (<anonymous>)\n    at runWithTimeout (file:///C:/Users/Pc/Downloads/km/node_modules/.pnpm/@vitest+runner@4.1.9/node_modules/@vitest/runner/dist/chunk-artifact.js:2272:10)"],"meta":{},"tags":[]},{"ancestorTitles":["focus expand QA ΓÇö Honda make/model/year"],"fullName":"focus expand QA ΓÇö Honda make/model/year Honda Civic FN2 UK","status":"failed","title":"Honda Civic FN2 UK","duration":2.1608000000001084,"failureMessages":["AssertionError: Honda Civic FN2 UK: year: expected null to be 2023 // Object.is equality\n    at assertCase (C:/Users/Pc/Downloads/km/lib/vin-decode/focus-expand-qa.test.ts:33:38)\n    at C:/Users/Pc/Downloads/km/lib/vin-decode/focus-expand-qa.test.ts:101:49\n    at file:///C:/Users/Pc/Downloads/km/node_modules/.pnpm/@vitest+runner@4.1.9/node_modules/@vitest/runner/dist/chunk-artifact.js:302:11\n    at file:///C:/Users/Pc/Downloads/km/node_modules/.pnpm/@vitest+runner@4.1.9/node_modules/@vitest/runner/dist/chunk-artifact.js:1903:26\n    at file:///C:/Users/Pc/Downloads/km/node_modules/.pnpm/@vitest+runner@4.1.9/node_modules/@vitest/runner/dist/chunk-artifact.js:2326:20\n    at new Promise (<anonymous>)\n    at runWithCancel (file:///C:/Users/Pc/Downloads/km/node_modules/.pnpm/@vitest+runner@4.1.9/node_modules/@vitest/runner/dist/chunk-artifact.js:2323:10)\n    at file:///C:/Users/Pc/Downloads/km/node_modules/.pnpm/@vitest+runner@4.1.9/node_modules/@vitest/runner/dist/chunk-artifact.js:2305:20\n    at new Promise (<anonymous>)\n    at runWithTimeout (file:///C:/Users/Pc/Downloads/km/node_modules/.pnpm/@vitest+runner@4.1.9/node_modules/@vitest/runner/dist/chunk-artifact.js:2272:10)"],"meta":{},"tags":[]},{"ancestorTitles":["focus expand QA ΓÇö Honda make/model/year"],"fullName":"focus expand QA ΓÇö Honda make/model/year Honda CR-V RW UK","status":"failed","title":"Honda CR-V RW UK","duration":2.000500000000102,"failureMessages":["AssertionError: Honda CR-V RW UK: year: expected null to be 2019 // Object.is equality\n    at assertCase (C:/Users/Pc/Downloads/km/lib/vin-decode/focus-expand-qa.test.ts:33:38)\n    at C:/Users/Pc/Downloads/km/lib/vin-decode/focus-expand-qa.test.ts:101:49\n    at file:///C:/Users/Pc/Downloads/km/node_modules/.pnpm/@vitest+runner@4.1.9/node_modules/@vitest/runner/dist/chunk-artifact.js:302:11\n    at file:///C:/Users/Pc/Downloads/km/node_modules/.pnpm/@vitest+runner@4.1.9/node_modules/@vitest/runner/dist/chunk-artifact.js:1903:26\n    at file:///C:/Users/Pc/Downloads/km/node_modules/.pnpm/@vitest+runner@4.1.9/node_modules/@vitest/runner/dist/chunk-artifact.js:2326:20\n    at new Promise (<anonymous>)\n    at runWithCancel (file:///C:/Users/Pc/Downloads/km/node_modules/.pnpm/@vitest+runner@4.1.9/node_modules/@vitest/runner/dist/chunk-artifact.js:2323:10)\n    at file:///C:/Users/Pc/Downloads/km/node_modules/.pnpm/@vitest+runner@4.1.9/node_modules/@vitest/runner/dist/chunk-artifact.js:2305:20\n    at new Promise (<anonymous>)\n    at runWithTimeout (file:///C:/Users/Pc/Downloads/km/node_modules/.pnpm/@vitest+runner@4.1.9/node_modules/@vitest/runner/dist/chunk-artifact.js:2272:10)"],"meta":{},"tags":[]},{"ancestorTitles":["focus expand QA ΓÇö Honda make/model/year"],"fullName":"focus expand QA ΓÇö Honda make/model/year Honda Ridgeline","status":"failed","title":"Honda Ridgeline","duration":1.5686000000000604,"failureMessages":["AssertionError: Honda Ridgeline: year: expected null to be 2022 // Object.is equality\n    at assertCase (C:/Users/Pc/Downloads/km/lib/vin-decode/focus-expand-qa.test.ts:33:38)\n    at C:/Users/Pc/Downloads/km/lib/vin-decode/focus-expand-qa.test.ts:101:49\n    at file:///C:/Users/Pc/Downloads/km/node_modules/.pnpm/@vitest+runner@4.1.9/node_modules/@vitest/runner/dist/chunk-artifact.js:302:11\n    at file:///C:/Users/Pc/Downloads/km/node_modules/.pnpm/@vitest+runner@4.1.9/node_modules/@vitest/runner/dist/chunk-artifact.js:1903:26\n    at file:///C:/Users/Pc/Downloads/km/node_modules/.pnpm/@vitest+runner@4.1.9/node_modules/@vitest/runner/dist/chunk-artifact.js:2326:20\n    at new Promise (<anonymous>)\n    at runWithCancel (file:///C:/Users/Pc/Downloads/km/node_modules/.pnpm/@vitest+runner@4.1.9/node_modules/@vitest/runner/dist/chunk-artifact.js:2323:10)\n    at file:///C:/Users/Pc/Downloads/km/node_modules/.pnpm/@vitest+runner@4.1.9/node_modules/@vitest/runner/dist/chunk-artifact.js:2305:20\n    at new Promise (<anonymous>)\n    at runWithTimeout (file:///C:/Users/Pc/Downloads/km/node_modules/.pnpm/@vitest+runner@4.1.9/node_modules/@vitest/runner/dist/chunk-artifact.js:2272:10)"],"meta":{},"tags":[]},{"ancestorTitles":["focus expand QA ΓÇö Suzuki make/model/year"],"fullName":"focus expand QA ΓÇö Suzuki make/model/year Suzuki Swift JP","status":"failed","title":"Suzuki Swift JP","duration":1.5923999999999978,"failureMessages":["AssertionError: Suzuki Swift JP: year: expected null to be 2012 // Object.is equality\n    at assertCase (C:/Users/Pc/Downloads/km/lib/vin-decode/focus-expand-qa.test.ts:33:38)\n    at C:/Users/Pc/Downloads/km/lib/vin-decode/focus-expand-qa.test.ts:105:50\n    at file:///C:/Users/Pc/Downloads/km/node_modules/.pnpm/@vitest+runner@4.1.9/node_modules/@vitest/runner/dist/chunk-artifact.js:302:11\n    at file:///C:/Users/Pc/Downloads/km/node_modules/.pnpm/@vitest+runner@4.1.9/node_modules/@vitest/runner/dist/chunk-artifact.js:1903:26\n    at file:///C:/Users/Pc/Downloads/km/node_modules/.pnpm/@vitest+runner@4.1.9/node_modules/@vitest/runner/dist/chunk-artifact.js:2326:20\n    at new Promise (<anonymous>)\n    at runWithCancel (file:///C:/Users/Pc/Downloads/km/node_modules/.pnpm/@vitest+runner@4.1.9/node_modules/@vitest/runner/dist/chunk-artifact.js:2323:10)\n    at file:///C:/Users/Pc/Downloads/km/node_modules/.pnpm/@vitest+runner@4.1.9/node_modules/@vitest/runner/dist/chunk-artifact.js:2305:20\n    at new Promise (<anonymous>)\n    at runWithTimeout (file:///C:/Users/Pc/Downloads/km/node_modules/.pnpm/@vitest+runner@4.1.9/node_modules/@vitest/runner/dist/chunk-artifact.js:2272:10)"],"meta":{},"tags":[]},{"ancestorTitles":["focus expand QA ΓÇö Suzuki make/model/year"],"fullName":"focus expand QA ΓÇö Suzuki make/model/year Suzuki Ignis HU","status":"failed","title":"Suzuki Ignis HU","duration":1.387499999999818,"failureMessages":["AssertionError: Suzuki Ignis HU: year: expected null to be 2022 // Object.is equality\n    at assertCase (C:/Users/Pc/Downloads/km/lib/vin-decode/focus-expand-qa.test.ts:33:38)\n    at C:/Users/Pc/Downloads/km/lib/vin-decode/focus-expand-qa.test.ts:105:50\n    at file:///C:/Users/Pc/Downloads/km/node_modules/.pnpm/@vitest+runner@4.1.9/node_modules/@vitest/runner/dist/chunk-artifact.js:302:11\n    at file:///C:/Users/Pc/Downloads/km/node_modules/.pnpm/@vitest+runner@4.1.9/node_modules/@vitest/runner/dist/chunk-artifact.js:1903:26\n    at file:///C:/Users/Pc/Downloads/km/node_modules/.pnpm/@vitest+runner@4.1.9/node_modules/@vitest/runner/dist/chunk-artifact.js:2326:20\n    at new Promise (<anonymous>)\n    at runWithCancel (file:///C:/Users/Pc/Downloads/km/node_modules/.pnpm/@vitest+runner@4.1.9/node_modules/@vitest/runner/dist/chunk-artifact.js:2323:10)\n    at file:///C:/Users/Pc/Downloads/km/node_modules/.pnpm/@vitest+runner@4.1.9/node_modules/@vitest/runner/dist/chunk-artifact.js:2305:20\n    at new Promise (<anonymous>)\n    at runWithTimeout (file:///C:/Users/Pc/Downloads/km/node_modules/.pnpm/@vitest+runner@4.1.9/node_modules/@vitest/runner/dist/chunk-artifact.js:2272:10)"],"meta":{},"tags":[]},{"ancestorTitles":["focus expand QA ΓÇö Suzuki make/model/year"],"fullName":"focus expand QA ΓÇö Suzuki make/model/year Suzuki Across HU","status":"failed","title":"Suzuki Across HU","duration":1.2849999999998545,"failureMessages":["AssertionError: Suzuki Across HU: year: expected null to be 2022 // Object.is equality\n    at assertCase (C:/Users/Pc/Downloads/km/lib/vin-decode/focus-expand-qa.test.ts:33:38)\n    at C:/Users/Pc/Downloads/km/lib/vin-decode/focus-expand-qa.test.ts:105:50\n    at file:///C:/Users/Pc/Downloads/km/node_modules/.pnpm/@vitest+runner@4.1.9/node_modules/@vitest/runner/dist/chunk-artifact.js:302:11\n    at file:///C:/Users/Pc/Downloads/km/node_modules/.pnpm/@vitest+runner@4.1.9/node_modules/@vitest/runner/dist/chunk-artifact.js:1903:26\n    at file:///C:/Users/Pc/Downloads/km/node_modules/.pnpm/@vitest+runner@4.1.9/node_modules/@vitest/runner/dist/chunk-artifact.js:2326:20\n    at new Promise (<anonymous>)\n    at runWithCancel (file:///C:/Users/Pc/Downloads/km/node_modules/.pnpm/@vitest+runner@4.1.9/node_modules/@vitest/runner/dist/chunk-artifact.js:2323:10)\n    at file:///C:/Users/Pc/Downloads/km/node_modules/.pnpm/@vitest+runner@4.1.9/node_modules/@vitest/runner/dist/chunk-artifact.js:2305:20\n    at new Promise (<anonymous>)\n    at runWithTimeout (file:///C:/Users/Pc/Downloads/km/node_modules/.pnpm/@vitest+runner@4.1.9/node_modules/@vitest/runner/dist/chunk-artifact.js:2272:10)"],"meta":{},"tags":[]},{"ancestorTitles":["focus expand QA ΓÇö Suzuki make/model/year"],"fullName":"focus expand QA ΓÇö Suzuki make/model/year Suzuki Swace HU","status":"failed","title":"Suzuki Swace HU","duration":1.2907000000000153,"failureMessages":["AssertionError: Suzuki Swace HU: year: expected null to be 2022 // Object.is equality\n    at assertCase (C:/Users/Pc/Downloads/km/lib/vin-decode/focus-expand-qa.test.ts:33:38)\n    at C:/Users/Pc/Downloads/km/lib/vin-decode/focus-expand-qa.test.ts:105:50\n    at file:///C:/Users/Pc/Downloads/km/node_modules/.pnpm/@vitest+runner@4.1.9/node_modules/@vitest/runner/dist/chunk-artifact.js:302:11\n    at file:///C:/Users/Pc/Downloads/km/node_modules/.pnpm/@vitest+runner@4.1.9/node_modules/@vitest/runner/dist/chunk-artifact.js:1903:26\n    at file:///C:/Users/Pc/Downloads/km/node_modules/.pnpm/@vitest+runner@4.1.9/node_modules/@vitest/runner/dist/chunk-artifact.js:2326:20\n    at new Promise (<anonymous>)\n    at runWithCancel (file:///C:/Users/Pc/Downloads/km/node_modules/.pnpm/@vitest+runner@4.1.9/node_modules/@vitest/runner/dist/chunk-artifact.js:2323:10)\n    at file:///C:/Users/Pc/Downloads/km/node_modules/.pnpm/@vitest+runner@4.1.9/node_modules/@vitest/runner/dist/chunk-artifact.js:2305:20\n    at new Promise (<anonymous>)\n    at runWithTimeout (file:///C:/Users/Pc/Downloads/km/node_modules/.pnpm/@vitest+runner@4.1.9/node_modules/@vitest/runner/dist/chunk-artifact.js:2272:10)"],"meta":{},"tags":[]},{"ancestorTitles":["focus expand QA ΓÇö Suzuki make/model/year"],"fullName":"focus expand QA ΓÇö Suzuki make/model/year Suzuki Fronx IN","status":"failed","title":"Suzuki Fronx IN","duration":1.4007999999998901,"failureMessages":["AssertionError: Suzuki Fronx IN: year: expected null to be 2022 // Object.is equality\n    at assertCase (C:/Users/Pc/Downloads/km/lib/vin-decode/focus-expand-qa.test.ts:33:38)\n    at C:/Users/Pc/Downloads/km/lib/vin-decode/focus-expand-qa.test.ts:105:50\n    at file:///C:/Users/Pc/Downloads/km/node_modules/.pnpm/@vitest+runner@4.1.9/node_modules/@vitest/runner/dist/chunk-artifact.js:302:11\n    at file:///C:/Users/Pc/Downloads/km/node_modules/.pnpm/@vitest+runner@4.1.9/node_modules/@vitest/runner/dist/chunk-artifact.js:1903:26\n    at file:///C:/Users/Pc/Downloads/km/node_modules/.pnpm/@vitest+runner@4.1.9/node_modules/@vitest/runner/dist/chunk-artifact.js:2326:20\n    at new Promise (<anonymous>)\n    at runWithCancel (file:///C:/Users/Pc/Downloads/km/node_modules/.pnpm/@vitest+runner@4.1.9/node_modules/@vitest/runner/dist/chunk-artifact.js:2323:10)\n    at file:///C:/Users/Pc/Downloads/km/node_modules/.pnpm/@vitest+runner@4.1.9/node_modules/@vitest/runner/dist/chunk-artifact.js:2305:20\n    at new Promise (<anonymous>)\n    at runWithTimeout (file:///C:/Users/Pc/Downloads/km/node_modules/.pnpm/@vitest+runner@4.1.9/node_modules/@vitest/runner/dist/chunk-artifact.js:2272:10)"],"meta":{},"tags":[]},{"ancestorTitles":["focus expand QA ΓÇö Suzuki make/model/year"],"fullName":"focus expand QA ΓÇö Suzuki make/model/year Suzuki Vitara HU","status":"failed","title":"Suzuki Vitara HU","duration":1.3492999999998574,"failureMessages":["AssertionError: Suzuki Vitara HU: year: expected null to be 2023 // Object.is equality\n    at assertCase (C:/Users/Pc/Downloads/km/lib/vin-decode/focus-expand-qa.test.ts:33:38)\n    at C:/Users/Pc/Downloads/km/lib/vin-decode/focus-expand-qa.test.ts:105:50\n    at file:///C:/Users/Pc/Downloads/km/node_modules/.pnpm/@vitest+runner@4.1.9/node_modules/@vitest/runner/dist/chunk-artifact.js:302:11\n    at file:///C:/Users/Pc/Downloads/km/node_modules/.pnpm/@vitest+runner@4.1.9/node_modules/@vitest/runner/dist/chunk-artifact.js:1903:26\n    at file:///C:/Users/Pc/Downloads/km/node_modules/.pnpm/@vitest+runner@4.1.9/node_modules/@vitest/runner/dist/chunk-artifact.js:2326:20\n    at new Promise (<anonymous>)\n    at runWithCancel (file:///C:/Users/Pc/Downloads/km/node_modules/.pnpm/@vitest+runner@4.1.9/node_modules/@vitest/runner/dist/chunk-artifact.js:2323:10)\n    at file:///C:/Users/Pc/Downloads/km/node_modules/.pnpm/@vitest+runner@4.1.9/node_modules/@vitest/runner/dist/chunk-artifact.js:2305:20\n    at new Promise (<anonymous>)\n    at runWithTimeout (file:///C:/Users/Pc/Downloads/km/node_modules/.pnpm/@vitest+runner@4.1.9/node_modules/@vitest/runner/dist/chunk-artifact.js:2272:10)"],"meta":{},"tags":[]},{"ancestorTitles":["focus expand QA ΓÇö Tesla make/model/year"],"fullName":"focus expand QA ΓÇö Tesla make/model/year Tesla Model 3 Fremont","status":"failed","title":"Tesla Model 3 Fremont","duration":1.877799999999752,"failureMessages":["AssertionError: Tesla Model 3 Fremont: year: expected null to be 2019 // Object.is equality\n    at assertCase (C:/Users/Pc/Downloads/km/lib/vin-decode/focus-expand-qa.test.ts:33:38)\n    at C:/Users/Pc/Downloads/km/lib/vin-decode/focus-expand-qa.test.ts:109:49\n    at file:///C:/Users/Pc/Downloads/km/node_modules/.pnpm/@vitest+runner@4.1.9/node_modules/@vitest/runner/dist/chunk-artifact.js:302:11\n    at file:///C:/Users/Pc/Downloads/km/node_modules/.pnpm/@vitest+runner@4.1.9/node_modules/@vitest/runner/dist/chunk-artifact.js:1903:26\n    at file:///C:/Users/Pc/Downloads/km/node_modules/.pnpm/@vitest+runner@4.1.9/node_modules/@vitest/runner/dist/chunk-artifact.js:2326:20\n    at new Promise (<anonymous>)\n    at runWithCancel (file:///C:/Users/Pc/Downloads/km/node_modules/.pnpm/@vitest+runner@4.1.9/node_modules/@vitest/runner/dist/chunk-artifact.js:2323:10)\n    at file:///C:/Users/Pc/Downloads/km/node_modules/.pnpm/@vitest+runner@4.1.9/node_modules/@vitest/runner/dist/chunk-artifact.js:2305:20\n    at new Promise (<anonymous>)\n    at runWithTimeout (file:///C:/Users/Pc/Downloads/km/node_modules/.pnpm/@vitest+runner@4.1.9/node_modules/@vitest/runner/dist/chunk-artifact.js:2272:10)"],"meta":{},"tags":[]},{"ancestorTitles":["focus expand QA ΓÇö Tesla make/model/year"],"fullName":"focus expand QA ΓÇö Tesla make/model/year Tesla Model Y Austin","status":"failed","title":"Tesla Model Y Austin","duration":1.3764999999998508,"failureMessages":["AssertionError: Tesla Model Y Austin: year: expected null to be 2023 // Object.is equality\n    at assertCase (C:/Users/Pc/Downloads/km/lib/vin-decode/focus-expand-qa.test.ts:33:38)\n    at C:/Users/Pc/Downloads/km/lib/vin-decode/focus-expand-qa.test.ts:109:49\n    at file:///C:/Users/Pc/Downloads/km/node_modules/.pnpm/@vitest+runner@4.1.9/node_modules/@vitest/runner/dist/chunk-artifact.js:302:11\n    at file:///C:/Users/Pc/Downloads/km/node_modules/.pnpm/@vitest+runner@4.1.9/node_modules/@vitest/runner/dist/chunk-artifact.js:1903:26\n    at file:///C:/Users/Pc/Downloads/km/node_modules/.pnpm/@vitest+runner@4.1.9/node_modules/@vitest/runner/dist/chunk-artifact.js:2326:20\n    at new Promise (<anonymous>)\n    at runWithCancel (file:///C:/Users/Pc/Downloads/km/node_modules/.pnpm/@vitest+runner@4.1.9/node_modules/@vitest/runner/dist/chunk-artifact.js:2323:10)\n    at file:///C:/Users/Pc/Downloads/km/node_modules/.pnpm/@vitest+runner@4.1.9/node_modules/@vitest/runner/dist/chunk-artifact.js:2305:20\n    at new Promise (<anonymous>)\n    at runWithTimeout (file:///C:/Users/Pc/Downloads/km/node_modules/.pnpm/@vitest+runner@4.1.9/node_modules/@vitest/runner/dist/chunk-artifact.js:2272:10)"],"meta":{},"tags":[]},{"ancestorTitles":["focus expand QA ΓÇö Tesla make/model/year"],"fullName":"focus expand QA ΓÇö Tesla make/model/year Tesla Model 3 Shanghai","status":"failed","title":"Tesla Model 3 Shanghai","duration":1.4929999999999382,"failureMessages":["AssertionError: Tesla Model 3 Shanghai: year: expected null to be 2022 // Object.is equality\n    at assertCase (C:/Users/Pc/Downloads/km/lib/vin-decode/focus-expand-qa.test.ts:33:38)\n    at C:/Users/Pc/Downloads/km/lib/vin-decode/focus-expand-qa.test.ts:109:49\n    at file:///C:/Users/Pc/Downloads/km/node_modules/.pnpm/@vitest+runner@4.1.9/node_modules/@vitest/runner/dist/chunk-artifact.js:302:11\n    at file:///C:/Users/Pc/Downloads/km/node_modules/.pnpm/@vitest+runner@4.1.9/node_modules/@vitest/runner/dist/chunk-artifact.js:1903:26\n    at file:///C:/Users/Pc/Downloads/km/node_modules/.pnpm/@vitest+runner@4.1.9/node_modules/@vitest/runner/dist/chunk-artifact.js:2326:20\n    at new Promise (<anonymous>)\n    at runWithCancel (file:///C:/Users/Pc/Downloads/km/node_modules/.pnpm/@vitest+runner@4.1.9/node_modules/@vitest/runner/dist/chunk-artifact.js:2323:10)\n    at file:///C:/Users/Pc/Downloads/km/node_modules/.pnpm/@vitest+runner@4.1.9/node_modules/@vitest/runner/dist/chunk-artifact.js:2305:20\n    at new Promise (<anonymous>)\n    at runWithTimeout (file:///C:/Users/Pc/Downloads/km/node_modules/.pnpm/@vitest+runner@4.1.9/node_modules/@vitest/runner/dist/chunk-artifact.js:2272:10)"],"meta":{},"tags":[]},{"ancestorTitles":["focus expand QA ΓÇö Tesla make/model/year"],"fullName":"focus expand QA ΓÇö Tesla make/model/year Tesla Model Y Berlin","status":"failed","title":"Tesla Model Y Berlin","duration":1.195600000000013,"failureMessages":["AssertionErr
[...]
,"meta":{},"tags":[]},{"ancestorTitles":["VAG Group QA ΓÇö modern lines stay green"],"fullName":"VAG Group QA ΓÇö modern lines stay green WVWZZZ5MZEM043873 ΓåÆ /Golf Plus/i","status":"passed","title":"WVWZZZ5MZEM043873 ΓåÆ /Golf Plus/i","duration":0.4701000000000022,"failureMessages":[],"meta":{},"tags":[]},{"ancestorTitles":["VAG Group QA ΓÇö modern lines stay green"],"fullName":"VAG Group QA ΓÇö modern lines stay green WVWZZZ6RZEM043873 ΓåÆ /Polo/i","status":"passed","title":"WVWZZZ6RZEM043873 ΓåÆ /Polo/i","duration":0.5606000000000222,"failureMessages":[],"meta":{},"tags":[]},{"ancestorTitles":["VAG Group QA ΓÇö modern lines stay green"],"fullName":"VAG Group QA ΓÇö modern lines stay green WVWZZZSYZEM043873 ΓåÆ /Crafter/i","status":"passed","title":"WVWZZZSYZEM043873 ΓåÆ /Crafter/i","duration":0.8197999999999865,"failureMessages":[],"meta":{},"tags":[]},{"ancestorTitles":["VAG Group QA ΓÇö ┼ákoda / SEAT / Audi / Cupra"],"fullName":"VAG Group QA ΓÇö ┼ákoda / SEAT / Audi / Cupra ┼ákoda NZ is Superb (not Karoq)","status":"passed","title":"┼ákoda NZ is Superb (not Karoq)","duration":1.0968000000000302,"failureMessages":[],"meta":{},"tags":[]},{"ancestorTitles":["VAG Group QA ΓÇö ┼ákoda / SEAT / Audi / Cupra"],"fullName":"VAG Group QA ΓÇö ┼ákoda / SEAT / Audi / Cupra SEAT unknown type stays null; Le├│n 5F still works","status":"passed","title":"SEAT unknown type stays null; Le├│n 5F still works","duration":2.935200000000009,"failureMessages":[],"meta":{},"tags":[]},{"ancestorTitles":["VAG Group QA ΓÇö ┼ákoda / SEAT / Audi / Cupra"],"fullName":"VAG Group QA ΓÇö ┼ákoda / SEAT / Audi / Cupra Audi EU homologation still resolves without pos-7 invent","status":"passed","title":"Audi EU homologation still resolves without pos-7 invent","duration":1.8552000000000817,"failureMessages":[],"meta":{},"tags":[]},{"ancestorTitles":["VAG Group QA ΓÇö ┼ákoda / SEAT / Audi / Cupra"],"fullName":"VAG Group QA ΓÇö ┼ákoda / SEAT / Audi / Cupra Cupra Formentor stays Cupra","status":"passed","title":"Cupra Formentor stays Cupra","duration":1.0689000000000988,"failureMessages":[],"meta":{},"tags":[]}],"startTime":1789296813218,"endTime":1789296813260.0688,"status":"passed","message":"","name":"C:/Users/Pc/Downloads/km/lib/vin-decode/vag-group-qa.test.ts"},{"assertionResults":[{"ancestorTitles":["modern Volkswagen type decoding"],"fullName":"modern Volkswagen type decoding E1 resolves ID.3 as an EV","status":"passed","title":"E1 resolves ID.3 as an EV","duration":9.86239999999998,"failureMessages":[],"meta":{},"tags":[]},{"ancestorTitles":["modern Volkswagen type decoding"],"fullName":"modern Volkswagen type decoding E2 resolves ID.4 as an EV","status":"passed","title":"E2 resolves ID.4 as an EV","duration":1.336999999999989,"failureMessages":[],"meta":{},"tags":[]},{"ancestorTitles":["modern Volkswagen type decoding"],"fullName":"modern Volkswagen type decoding E3 resolves ID.5 as an EV","status":"passed","title":"E3 resolves ID.5 as an EV","duration":0.963799999999992,"failureMessages":[],"meta":{},"tags":[]},{"ancestorTitles":["modern Volkswagen type decoding"],"fullName":"modern Volkswagen type decoding E4 resolves ID.7 as an EV","status":"passed","title":"E4 resolves ID.7 as an EV","duration":1.1890000000000782,"failureMessages":[],"meta":{},"tags":[]},{"ancestorTitles":["modern Volkswagen type decoding"],"fullName":"modern Volkswagen type decoding EB resolves ID. Buzz under the SUV/MPV WMI","status":"passed","title":"EB resolves ID. Buzz under the SUV/MPV WMI","duration":1.3583999999999605,"failureMessages":[],"meta":{},"tags":[]},{"ancestorTitles":["modern Volkswagen type decoding"],"fullName":"modern Volkswagen type decoding corrects legacy shifted or incorrect VW type mappings","status":"passed","title":"corrects legacy shifted or incorrect VW type mappings","duration":2.4951999999999543,"failureMessages":[],"meta":{},"tags":[]},{"ancestorTitles":["modern Volkswagen type decoding"],"fullName":"modern Volkswagen type decoding covers recent combustion/hybrid-era product lines","status":"passed","title":"covers recent combustion/hybrid-era product lines","duration":1.1437000000000808,"failureMessages":[],"meta":{},"tags":[]},{"ancestorTitles":["modern Volkswagen type decoding"],"fullName":"modern Volkswagen type decoding covers North-American VW type codes and WMIs","status":"passed","title":"covers North-American VW type codes and WMIs","duration":1.8853000000000293,"failureMessages":[],"meta":{},"tags":[]},{"ancestorTitles":["modern Volkswagen type decoding"],"fullName":"modern Volkswagen type decoding decodes both China-only ID.6 joint-venture variants","status":"passed","title":"decodes both China-only ID.6 joint-venture variants","duration":1.477200000000039,"failureMessages":[],"meta":{},"tags":[]},{"ancestorTitles":["modern Volkswagen type decoding"],"fullName":"modern Volkswagen type decoding uses neutral JV make for unverified China LFV/LSV VINs","status":"passed","title":"uses neutral JV make for unverified China LFV/LSV VINs","duration":2.1884000000000015,"failureMessages":[],"meta":{},"tags":[]},{"ancestorTitles":["modern Audi type decoding"],"fullName":"modern Audi type decoding GF resolves Q6 e-tron","status":"passed","title":"GF resolves Q6 e-tron","duration":1.2497000000000753,"failureMessages":[],"meta":{},"tags":[]},{"ancestorTitles":["modern Audi type decoding"],"fullName":"modern Audi type decoding GH resolves A6 e-tron","status":"passed","title":"GH resolves A6 e-tron","duration":0.8487999999999829,"failureMessages":[],"meta":{},"tags":[]},{"ancestorTitles":["modern Audi type decoding"],"fullName":"modern Audi type decoding FZ resolves Q4 e-tron","status":"passed","title":"FZ resolves Q4 e-tron","duration":0.5788000000000011,"failureMessages":[],"meta":{},"tags":[]},{"ancestorTitles":["modern Audi type decoding"],"fullName":"modern Audi type decoding FW resolves e-tron GT","status":"passed","title":"FW resolves e-tron GT","duration":0.7872999999999593,"failureMessages":[],"meta":{},"tags":[]},{"ancestorTitles":["modern Audi type decoding"],"fullName":"modern Audi type decoding year-gates GE e-tron naming","status":"passed","title":"year-gates GE e-tron naming","duration":0.466199999999958,"failureMessages":[],"meta":{},"tags":[]},{"ancestorTitles":["modern Audi type decoding"],"fullName":"modern Audi type decoding recognizes current Q5 and splits NA F2 A6 vs A7","status":"passed","title":"recognizes current Q5 and splits NA F2 A6 vs A7","duration":3.8105999999999085,"failureMessages":[],"meta":{},"tags":[]},{"ancestorTitles":["modern ┼ákoda type decoding"],"fullName":"modern ┼ákoda type decoding 5A resolves Enyaq","status":"passed","title":"5A resolves Enyaq","duration":1.2051000000000158,"failureMessages":[],"meta":{},"tags":[]},{"ancestorTitles":["modern ┼ákoda type decoding"],"fullName":"modern ┼ákoda type decoding PY resolves Elroq","status":"passed","title":"PY resolves Elroq","duration":0.8256000000000085,"failureMessages":[],"meta":{},"tags":[]},{"ancestorTitles":["modern ┼ákoda type decoding"],"fullName":"modern ┼ákoda type decoding NZ resolves Superb","status":"passed","title":"NZ resolves Superb","duration":0.8419000000000096,"failureMessages":[],"meta":{},"tags":[]},{"ancestorTitles":["modern ┼ákoda type decoding"],"fullName":"modern ┼ákoda type decoding PS resolves Kodiaq","status":"passed","title":"PS resolves Kodiaq","duration":0.7669000000000779,"failureMessages":[],"meta":{},"tags":[]},{"ancestorTitles":["modern ┼ákoda type decoding"],"fullName":"modern ┼ákoda type decoding NX resolves Octavia","status":"passed","title":"NX resolves Octavia","duration":0.4914999999999736,"failureMessages":[],"meta":{},"tags":[]},{"ancestorTitles":["modern ┼ákoda type decoding"],"fullName":"modern ┼ákoda type decoding PJ resolves Fabia","status":"passed","title":"PJ resolves Fabia","duration":0.4977000000000089,"failureMessages":[],"meta":{},"tags":[]},{"ancestorTitles":["modern ┼ákoda type decoding"],"fullName":"modern ┼ákoda type decoding recognizes additional verified ┼ákoda WMIs","status":"passed","title":"recognizes additional verified ┼ákoda WMIs","duration":0.5988999999999578,"failureMessages":[],"meta":{},"tags":[]},{"ancestorTitles":["modern ┼ákoda type decoding"],"fullName":"modern ┼ákoda type decoding year-gates the reused PS code between Kamiq and Kodiaq","status":"passed","title":"year-gates the reused PS code between Kamiq and Kodiaq","duration":0.5113999999999805,"failureMessages":[],"meta":{},"tags":[]},{"ancestorTitles":["modern ┼ákoda type decoding"],"fullName":"modern ┼ákoda type decoding disambiguates Elroq from Enyaq Coup├⌐ on shared NY type code","status":"passed","title":"disambiguates Elroq from Enyaq Coup├⌐ on shared NY type code","duration":0.5259999999999536,"failureMessages":[],"meta":{},"tags":[]},{"ancestorTitles":["modern Porsche type decoding"],"fullName":"modern Porsche type decoding uses positions 7, 8 and 12 for Taycan","status":"passed","title":"uses positions 7, 8 and 12 for Taycan","duration":0.5376999999999725,"failureMessages":[],"meta":{},"tags":[]},{"ancestorTitles":["modern Porsche type decoding"],"fullName":"modern Porsche type decoding decodes all official Macan Electric type variants","status":"passed","title":"decodes all official Macan Electric type variants","duration":0.7358000000000402,"failureMessages":[],"meta":{},"tags":[]},{"ancestorTitles":["modern Porsche type decoding"],"fullName":"modern Porsche type decoding decodes current Panamera type YA0","status":"passed","title":"decodes current Panamera type YA0","duration":0.3605000000000018,"failureMessages":[],"meta":{},"tags":[]},{"ancestorTitles":["modern Porsche type decoding"],"fullName":"modern Porsche type decoding keeps the long-running 911 type conservative","status":"passed","title":"keeps the long-running 911 type conservative","duration":0.5705000000000382,"failureMessages":[],"meta":{},"tags":[]},{"ancestorTitles":["modern Porsche type decoding"],"fullName":"modern Porsche type decoding maps Porsche 97 type to Panamera, not 911","status":"passed","title":"maps Porsche 97 type to Panamera, not 911","duration":0.3935999999999922,"failureMessages":[],"meta":{},"tags":[]}],"startTime":1789296813166,"endTime":1789296813208.3936,"status":"passed","message":"","name":"C:/Users/Pc/Downloads/km/lib/vin-decode/vag-modern.test.ts"},{"assertionResults":[{"ancestorTitles":["decodeVolvoSpec ΓÇö EU layout (model at position 4)"],"fullName":"decodeVolvoSpec ΓÇö EU layout (model at position 4) decodes a 2018 XC60 (YV4 / D)","status":"passed","title":"decodes a 2018 XC60 (YV4 / D)","duration":6.081999999999994,"failureMessages":[],"meta":{},"tags":[]},{"ancestorTitles":["decodeVolvoSpec ΓÇö EU layout (model at position 4)"],"fullName":"decodeVolvoSpec ΓÇö EU layout (model at position 4) decodes a 2020 XC90 (YV4 / C)","status":"passed","title":"decodes a 2020 XC90 (YV4 / C)","duration":0.8738000000000739,"failureMessages":[],"meta":{},"tags":[]},{"ancestorTitles":["decodeVolvoSpec ΓÇö EU layout (model at position 4)"],"fullName":"decodeVolvoSpec ΓÇö EU layout (model at position 4) decodes a 2019 S60 sedan (YV1 / F)","status":"passed","title":"decodes a 2019 S60 sedan (YV1 / F)","duration":0.5950000000000273,"failureMessages":[],"meta":{},"tags":[]},{"ancestorTitles":["decodeVolvoSpec ΓÇö EU layout (model at position 4)"],"fullName":"decodeVolvoSpec ΓÇö EU layout (model at position 4) decodes a 2021 XC40 (YV4 / H, year-disambiguated from V60CC/S60)","status":"passed","title":"decodes a 2021 XC40 (YV4 / H, year-disambiguated from V60CC/S60)","duration":0.5609000000000606,"failureMessages":[],"meta":{},"tags":[]},{"ancestorTitles":["decodeVolvoSpec ΓÇö EU layout (model at position 4)"],"fullName":"decodeVolvoSpec ΓÇö EU layout (model at position 4) flags V90 Cross Country as AWD wagon","status":"passed","title":"flags V90 Cross Country as AWD wagon","duration":0.5172999999999774,"failureMessages":[],"meta":{},"tags":[]},{"ancestorTitles":["decodeVolvoSpec ΓÇö EU layout (model at position 4)"],"fullName":"decodeVolvoSpec ΓÇö EU layout (model at position 4) marks the EX30 as an electric SUV","status":"passed","title":"marks the EX30 as an electric SUV","duration":0.7115999999999758,"failureMessages":[],"meta":{},"tags":[]},{"ancestorTitles":["decodeVolvoSpec ΓÇö EU layout (model at position 4)"],"fullName":"decodeVolvoSpec ΓÇö EU layout (model at position 4) decodes a 2009 S60 via the legacy table (YV1 / R)","status":"passed","title":"decodes a 2009 S60 via the legacy table (YV1 / R)","duration":0.44439999999997326,"failureMessages":[],"meta":{},"tags":[]},{"ancestorTitles":["decodeVolvoSpec ΓÇö model-specific WMIs"],"fullName":"decodeVolvoSpec ΓÇö model-specific WMIs maps 7JR (US-built) to S60","status":"passed","title":"maps 7JR (US-built) to S60","duration":0.35169999999993706,"failureMessages":[],"meta":{},"tags":[]},{"ancestorTitles":["decodeVolvoSpec ΓÇö model-specific WMIs"],"fullName":"decodeVolvoSpec ΓÇö model-specific WMIs maps LVY to S90","status":"passed","title":"maps LVY to S90","duration":0.9518000000000484,"failureMessages":[],"meta":{},"tags":[]},{"ancestorTitles":["decodeVolvoSpec ΓÇö rejects mismatches"],"fullName":"decodeVolvoSpec ΓÇö rejects mismatches returns null for a non-Volvo VIN","status":"passed","title":"returns null for a non-Volvo VIN","duration":0.7014000000000351,"failureMessages":[],"meta":{},"tags":[]},{"ancestorTitles":["decodeVolvoSpec ΓÇö rejects mismatches"],"fullName":"decodeVolvoSpec ΓÇö rejects mismatches returns null when the letter conflicts with the WMI XC split","status":"passed","title":"returns null when the letter conflicts with the WMI XC split","duration":0.6213000000000193,"failureMessages":[],"meta":{},"tags":[]},{"ancestorTitles":["decodeVin integration"],"fullName":"decodeVin integration returns Volvo make + model + body for an EU XC60","status":"passed","title":"returns Volvo make + model + body for an EU XC60","duration":5.984300000000076,"failureMessages":[],"meta":{},"tags":[]},{"ancestorTitles":["decodeVin integration"],"fullName":"decodeVin integration reports the plant from position 11","status":"passed","title":"reports the plant from position 11","duration":1.393100000000004,"failureMessages":[],"meta":{},"tags":[]}],"startTime":1789296814096,"endTime":1789296814117.393,"status":"passed","message":"","name":"C:/Users/Pc/Downloads/km/lib/vin-decode/volvo.test.ts"},{"assertionResults":[{"ancestorTitles":["VW Group Touareg identification"],"fullName":"VW Group Touareg identification WVGZZZ7P Bratislava ΓåÆ Volkswagen Touareg (7P)","status":"passed","title":"WVGZZZ7P Bratislava ΓåÆ Volkswagen Touareg (7P)","duration":11.428099999999972,"failureMessages":[],"meta":{},"tags":[]},{"ancestorTitles":["VW Group Touareg identification"],"fullName":"VW Group Touareg identification WVWZZZ7P Wolfsburg-format ΓåÆ Touareg","status":"passed","title":"WVWZZZ7P Wolfsburg-format ΓåÆ Touareg","duration":1.7906000000000404,"failureMessages":[],"meta":{},"tags":[]},{"ancestorTitles":["VW Group Touareg identification"],"fullName":"VW Group Touareg identification WVGZZZCR Gen3 platform ΓåÆ Touareg CR","status":"passed","title":"WVGZZZCR Gen3 platform ΓåÆ Touareg CR","duration":1.1053999999999178,"failureMessages":[],"meta":{},"tags":[]},{"ancestorTitles":["VW Group Touareg identification"],"fullName":"VW Group Touareg identification WVWZZZ7L Gen1 ΓåÆ Touareg (not Tiguan Allspace)","status":"passed","title":"WVWZZZ7L Gen1 ΓåÆ Touareg (not Tiguan Allspace)","duration":1.1733000000000402,"failureMessages":[],"meta":{},"tags":[]},{"ancestorTitles":["VW Group Touareg identification"],"fullName":"VW Group Touareg identification WVGZZZF7 Audi Q7 still resolves as Audi (not Touareg)","status":"passed","title":"WVGZZZF7 Audi Q7 still resolves as Audi (not Touareg)","duration":1.922900000000027,"failureMessages":[],"meta":{},"tags":[]},{"ancestorTitles":["VW Group Touareg identification"],"fullName":"VW Group Touareg identification local free decode exposes model year vs manufacture year","status":"passed","title":"local free decode exposes model year vs manufacture year","duration":4.4394000000000915,"failureMessages":[],"meta":{},"tags":[]},{"ancestorTitles":["VW Group Touareg identification"],"fullName":"VW Group Touareg identification existing WVG Tiguan still works","status":"passed","title":"existing WVG Tiguan still works","duration":1.500099999999975,"failureMessages":[],"meta":{},"tags":[]}],"startTime":1789296814161,"endTime":1789296814184.5,"status":"passed","message":"","name":"C:/Users/Pc/Downloads/km/lib/vin-decode/vw-touareg.test.ts"},{"assertionResults":[{"ancestorTitles":["iso year ΓÇö unique cycle only"],"fullName":"iso year ΓÇö unique cycle only lists both letter cycles (oldest first)","status":"passed","title":"lists both letter cycles (oldest first)","duration":4.956999999999994,"failureMessages":[],"meta":{},"tags":[]},{"ancestorTitles":["iso year ΓÇö unique cycle only"],"fullName":"iso year ΓÇö unique cycle only never prefers recent when both cycles are plausible","status":"passed","title":"never prefers recent when both cycles are plausible","duration":2.0721999999999525,"failureMessages":[],"meta":{},"tags":[]},{"ancestorTitles":["iso year ΓÇö unique cycle only"],"fullName":"iso year ΓÇö unique cycle only emits digit years when the +30 cycle is still in the future","status":"passed","title":"emits digit years when the +30 cycle is still in the future","duration":0.6739999999999782,"failureMessages":[],"meta":{},"tags":[]},{"ancestorTitles":["iso year ΓÇö unique cycle only"],"fullName":"iso year ΓÇö unique cycle only uses a verified production window only when exactly one cycle remains","status":"passed","title":"uses a verified production window only when exactly one cycle remains","duration":0.6614999999999327,"failureMessages":[],"meta":{},"tags":[]},{"ancestorTitles":["WSD ΓÇö unmapped German WMI"],"fullName":"WSD ΓÇö unmapped German WMI does not invent make, model, or year","status":"passed","title":"does not invent make, model, or year","duration":8.324600000000032,"failureMessages":[],"meta":{},"tags":[]},{"ancestorTitles":["WSD ΓÇö unmapped German WMI"],"fullName":"WSD ΓÇö unmapped German WMI does not invent year from a digit at pos.10 either","status":"passed","title":"does not invent year from a digit at pos.10 either","duration":0.8216999999999643,"failureMessages":[],"meta":{},"tags":[]},{"ancestorTitles":["known makes ΓÇö year only with evidence"],"fullName":"known makes ΓÇö year only with evidence BMW X7 (G07) resolves 2023 via chassis window, not prefer-recent","status":"passed","title":"BMW X7 (G07) resolves 2023 via chassis window, not prefer-recent","duration":2.5812000000000808,"failureMessages":[],"meta":{},"tags":[]},{"ancestorTitles":["known makes ΓÇö year only with evidence"],"fullName":"known makes ΓÇö year only with evidence Hyundai IONIQ 5 resolves year via verified platform window","status":"passed","title":"Hyundai IONIQ 5 resolves year via verified platform window","duration":2.9663000000000466,"failureMessages":[],"meta":{},"tags":[]},{"ancestorTitles":["known makes ΓÇö year only with evidence"],"fullName":"known makes ΓÇö year only with evidence does not invent Passat year 2028 from letter W when chassis window rejects both cycles","status":"passed","title":"does not invent Passat year 2028 from letter W when chassis window rejects both cycles","duration":2.852800000000002,"failureMessages":[],"meta":{},"tags":[]},{"ancestorTitles":["known makes ΓÇö year only with evidence"],"fullName":"known makes ΓÇö year only with evidence known make without chassis window does not invent letter-year via prefer-recent","status":"passed","title":"known make without chassis window does not invent letter-year via prefer-recent","duration":1.455500000000029,"failureMessages":[],"meta":{},"tags":[]}],"startTime":1789296813946,"endTime":1789296813974.4556,"status":"passed","message":"","name":"C:/Users/Pc/Downloads/km/lib/vin-decode/year-accuracy-qa.test.ts"}]}
